{"meta": {"format": 3, "version": "7.13.5", "timestamp": "2026-03-19T08:10:49.200475", "branch_coverage": false, "show_contexts": false}, "files": {"app/__init__.py": {"executed_lines": [], "summary": {"covered_lines": 0, "num_statements": 0, "percent_covered": 100.0, "percent_covered_display": "100", "missing_lines": 0, "excluded_lines": 0, "percent_statements_covered": 100.0, "percent_statements_covered_display": "100"}, "missing_lines": [], "excluded_lines": [], "functions": {"": {"executed_lines": [], "summary": {"covered_lines": 0, "num_statements": 0, "percent_covered": 100.0, "percent_covered_display": "100", "missing_lines": 0, "excluded_lines": 0, "percent_statements_covered": 100.0, "percent_statements_covered_display": "100"}, "missing_lines": [], "excluded_lines": [], "start_line": 1}}, "classes": {"": {"executed_lines": [], "summary": {"covered_lines": 0, "num_statements": 0, "percent_covered": 100.0, "percent_covered_display": "100", "missing_lines": 0, "excluded_lines": 0, "percent_statements_covered": 100.0, "percent_statements_covered_display": "100"}, "missing_lines": [], "excluded_lines": [], "start_line": 1}}}, "app/assignment.py": {"executed_lines": [2, 4, 6, 9, 15, 22, 31], "summary": {"covered_lines": 7, "num_statements": 14, "percent_covered": 50.0, "percent_covered_display": "50", "missing_lines": 7, "excluded_lines": 0, "percent_statements_covered": 50.0, "percent_statements_covered_display": "50"}, "missing_lines": [23, 24, 25, 26, 27, 28, 29], "excluded_lines": [], "functions": {"evaluate_rules": {"executed_lines": [15, 22, 31], "summary": {"covered_lines": 3, "num_statements": 10, "percent_covered": 30.0, "percent_covered_display": "30", "missing_lines": 7, "excluded_lines": 0, "percent_statements_covered": 30.0, "percent_statements_covered_display": "30"}, "missing_lines": [23, 24, 25, 26, 27, 28, 29], "excluded_lines": [], "start_line": 9}, "": {"executed_lines": [2, 4, 6, 9], "summary": {"covered_lines": 4, "num_statements": 4, "percent_covered": 100.0, "percent_covered_display": "100", "missing_lines": 0, "excluded_lines": 0, "percent_statements_covered": 100.0, "percent_statements_covered_display": "100"}, "missing_lines": [], "excluded_lines": [], "start_line": 1}}, "classes": {"": {"executed_lines": [2, 4, 6, 9, 15, 22, 31], "summary": {"covered_lines": 7, "num_statements": 14, "percent_covered": 50.0, "percent_covered_display": "50", "missing_lines": 7, "excluded_lines": 0, "percent_statements_covered": 50.0, "percent_statements_covered_display": "50"}, "missing_lines": [23, 24, 25, 26, 27, 28, 29], "excluded_lines": [], "start_line": 1}}}, "app/audit.py": {"executed_lines": [2, 3, 5, 6, 8, 10, 13, 19, 22, 24, 25, 29, 31, 34, 45, 46, 47, 48, 49, 51, 63, 64, 65, 66, 67], "summary": {"covered_lines": 25, "num_statements": 26, "percent_covered": 96.15384615384616, "percent_covered_display": "96", "missing_lines": 1, "excluded_lines": 0, "percent_statements_covered": 96.15384615384616, "percent_statements_covered_display": "96"}, "missing_lines": [30], "excluded_lines": [], "functions": {"_mask_sensitive": {"executed_lines": [24, 25, 29, 31], "summary": {"covered_lines": 4, "num_statements": 5, "percent_covered": 80.0, "percent_covered_display": "80", "missing_lines": 1, "excluded_lines": 0, "percent_statements_covered": 80.0, "percent_statements_covered_display": "80"}, "missing_lines": [30], "excluded_lines": [], "start_line": 22}, "write_audit_log": {"executed_lines": [45, 46, 47, 48, 49, 51, 63, 64, 65, 66, 67], "summary": {"covered_lines": 11, "num_statements": 11, "percent_covered": 100.0, "percent_covered_display": "100", "missing_lines": 0, "excluded_lines": 0, "percent_statements_covered": 100.0, "percent_statements_covered_display": "100"}, "missing_lines": [], "excluded_lines": [], "start_line": 34}, "": {"executed_lines": [2, 3, 5, 6, 8, 10, 13, 19, 22, 34], "summary": {"covered_lines": 10, "num_statements": 10, "percent_covered": 100.0, "percent_covered_display": "100", "missing_lines": 0, "excluded_lines": 0, "percent_statements_covered": 100.0, "percent_statements_covered_display": "100"}, "missing_lines": [], "excluded_lines": [], "start_line": 1}}, "classes": {"": {"executed_lines": [2, 3, 5, 6, 8, 10, 13, 19, 22, 24, 25, 29, 31, 34, 45, 46, 47, 48, 49, 51, 63, 64, 65, 66, 67], "summary": {"covered_lines": 25, "num_statements": 26, "percent_covered": 96.15384615384616, "percent_covered_display": "96", "missing_lines": 1, "excluded_lines": 0, "percent_statements_covered": 96.15384615384616, "percent_statements_covered_display": "96"}, "missing_lines": [30], "excluded_lines": [], "start_line": 1}}}, "app/auth.py": {"executed_lines": [1, 2, 3, 4, 5, 6, 8, 9, 11, 13, 14, 16, 21, 22, 23, 26, 28, 29, 30, 33, 34, 35, 41, 42, 43, 44, 45, 84, 91, 92, 103, 106, 119, 136, 151, 165, 179, 226, 228, 229, 236, 237, 238, 239, 240, 241, 242, 243, 246, 247, 251, 278, 279, 280, 281, 285, 286, 287, 288, 289, 290, 291, 296, 298, 299, 302, 303, 304, 324, 325, 352, 355, 366, 367, 376, 377], "summary": {"covered_lines": 76, "num_statements": 230, "percent_covered": 33.04347826086956, "percent_covered_display": "33", "missing_lines": 154, "excluded_lines": 1, "percent_statements_covered": 33.04347826086956, "percent_statements_covered_display": "33"}, "missing_lines": [36, 37, 38, 46, 51, 52, 55, 56, 57, 58, 62, 63, 67, 68, 69, 70, 73, 75, 76, 77, 78, 79, 80, 81, 108, 109, 110, 111, 112, 113, 114, 115, 116, 124, 125, 126, 127, 128, 129, 130, 131, 132, 133, 138, 139, 140, 141, 142, 143, 144, 145, 146, 147, 148, 153, 154, 155, 156, 157, 158, 159, 160, 161, 162, 167, 168, 169, 170, 171, 172, 173, 174, 175, 176, 185, 186, 187, 188, 189, 191, 192, 193, 194, 199, 200, 202, 203, 204, 205, 207, 208, 209, 221, 222, 223, 230, 231, 232, 233, 234, 248, 252, 253, 257, 258, 259, 260, 261, 262, 263, 264, 268, 272, 273, 274, 275, 282, 294, 295, 297, 305, 306, 308, 309, 310, 311, 312, 313, 314, 315, 316, 317, 318, 319, 320, 321, 327, 328, 329, 330, 331, 332, 337, 338, 342, 343, 344, 345, 347, 368, 369, 370, 371, 372], "excluded_lines": [356], "functions": {"_get_gitlab_user_state": {"executed_lines": [28, 29, 30, 33, 34, 35, 41, 42, 43, 44, 45], "summary": {"covered_lines": 11, "num_statements": 35, "percent_covered": 31.428571428571427, "percent_covered_display": "31", "missing_lines": 24, "excluded_lines": 0, "percent_statements_covered": 31.428571428571427, "percent_statements_covered_display": "31"}, "missing_lines": [36, 37, 38, 46, 51, 52, 55, 56, 57, 58, 62, 63, 67, 68, 69, 70, 73, 75, 76, 77, 78, 79, 80, 81], "excluded_lines": [], "start_line": 26}, "create_token": {"executed_lines": [91, 92, 103], "summary": {"covered_lines": 3, "num_statements": 3, "percent_covered": 100.0, "percent_covered_display": "100", "missing_lines": 0, "excluded_lines": 0, "percent_statements_covered": 100.0, "percent_statements_covered_display": "100"}, "missing_lines": [], "excluded_lines": [], "start_line": 84}, "_is_token_blacklisted": {"executed_lines": [], "summary": {"covered_lines": 0, "num_statements": 9, "percent_covered": 0.0, "percent_covered_display": "0", "missing_lines": 9, "excluded_lines": 0, "percent_statements_covered": 0.0, "percent_statements_covered_display": "0"}, "missing_lines": [108, 109, 110, 111, 112, 113, 114, 115, 116], "excluded_lines": [], "start_line": 106}, "store_gitlab_token": {"executed_lines": [], "summary": {"covered_lines": 0, "num_statements": 10, "percent_covered": 0.0, "percent_covered_display": "0", "missing_lines": 10, "excluded_lines": 0, "percent_statements_covered": 0.0, "percent_statements_covered_display": "0"}, "missing_lines": [124, 125, 126, 127, 128, 129, 130, 131, 132, 133], "excluded_lines": [], "start_line": 119}, "get_gitlab_token": {"executed_lines": [], "summary": {"covered_lines": 0, "num_statements": 11, "percent_covered": 0.0, "percent_covered_display": "0", "missing_lines": 11, "excluded_lines": 0, "percent_statements_covered": 0.0, "percent_statements_covered_display": "0"}, "missing_lines": [138, 139, 140, 141, 142, 143, 144, 145, 146, 147, 148], "excluded_lines": [], "start_line": 136}, "delete_gitlab_token": {"executed_lines": [], "summary": {"covered_lines": 0, "num_statements": 10, "percent_covered": 0.0, "percent_covered_display": "0", "missing_lines": 10, "excluded_lines": 0, "percent_statements_covered": 0.0, "percent_statements_covered_display": "0"}, "missing_lines": [153, 154, 155, 156, 157, 158, 159, 160, 161, 162], "excluded_lines": [], "start_line": 151}, "blacklist_token": {"executed_lines": [], "summary": {"covered_lines": 0, "num_statements": 10, "percent_covered": 0.0, "percent_covered_display": "0", "missing_lines": 10, "excluded_lines": 0, "percent_statements_covered": 0.0, "percent_statements_covered_display": "0"}, "missing_lines": [167, 168, 169, 170, 171, 172, 173, 174, 175, 176], "excluded_lines": [], "start_line": 165}, "_verify_api_key": {"executed_lines": [], "summary": {"covered_lines": 0, "num_statements": 21, "percent_covered": 0.0, "percent_covered_display": "0", "missing_lines": 21, "excluded_lines": 0, "percent_statements_covered": 0.0, "percent_statements_covered_display": "0"}, "missing_lines": [185, 186, 187, 188, 189, 191, 192, 193, 194, 199, 200, 202, 203, 204, 205, 207, 208, 209, 221, 222, 223], "excluded_lines": [], "start_line": 179}, "get_current_user": {"executed_lines": [228, 229, 236, 237, 238, 239, 240, 241, 242, 243, 246, 247, 251, 278, 279, 280, 281, 285, 286, 287, 288, 289, 290, 291, 296, 298, 299, 302, 303, 304, 324, 325, 352], "summary": {"covered_lines": 33, "num_statements": 87, "percent_covered": 37.93103448275862, "percent_covered_display": "38", "missing_lines": 54, "excluded_lines": 0, "percent_statements_covered": 37.93103448275862, "percent_statements_covered_display": "38"}, "missing_lines": [230, 231, 232, 233, 234, 248, 252, 253, 257, 258, 259, 260, 261, 262, 263, 264, 268, 272, 273, 274, 275, 282, 294, 295, 297, 305, 306, 308, 309, 310, 311, 312, 313, 314, 315, 316, 317, 318, 319, 320, 321, 327, 328, 329, 330, 331, 332, 337, 338, 342, 343, 344, 345, 347], "excluded_lines": [], "start_line": 226}, "require_scope": {"executed_lines": [366, 377], "summary": {"covered_lines": 2, "num_statements": 2, "percent_covered": 100.0, "percent_covered_display": "100", "missing_lines": 0, "excluded_lines": 1, "percent_statements_covered": 100.0, "percent_statements_covered_display": "100"}, "missing_lines": [], "excluded_lines": [356], "start_line": 355}, "require_scope._check": {"executed_lines": [367, 376], "summary": {"covered_lines": 2, "num_statements": 7, "percent_covered": 28.571428571428573, "percent_covered_display": "29", "missing_lines": 5, "excluded_lines": 0, "percent_statements_covered": 28.571428571428573, "percent_statements_covered_display": "29"}, "missing_lines": [368, 369, 370, 371, 372], "excluded_lines": [], "start_line": 366}, "": {"executed_lines": [1, 2, 3, 4, 5, 6, 8, 9, 11, 13, 14, 16, 21, 22, 23, 26, 84, 106, 119, 136, 151, 165, 179, 226, 355], "summary": {"covered_lines": 25, "num_statements": 25, "percent_covered": 100.0, "percent_covered_display": "100", "missing_lines": 0, "excluded_lines": 0, "percent_statements_covered": 100.0, "percent_statements_covered_display": "100"}, "missing_lines": [], "excluded_lines": [], "start_line": 1}}, "classes": {"": {"executed_lines": [1, 2, 3, 4, 5, 6, 8, 9, 11, 13, 14, 16, 21, 22, 23, 26, 28, 29, 30, 33, 34, 35, 41, 42, 43, 44, 45, 84, 91, 92, 103, 106, 119, 136, 151, 165, 179, 226, 228, 229, 236, 237, 238, 239, 240, 241, 242, 243, 246, 247, 251, 278, 279, 280, 281, 285, 286, 287, 288, 289, 290, 291, 296, 298, 299, 302, 303, 304, 324, 325, 352, 355, 366, 367, 376, 377], "summary": {"covered_lines": 76, "num_statements": 230, "percent_covered": 33.04347826086956, "percent_covered_display": "33", "missing_lines": 154, "excluded_lines": 1, "percent_statements_covered": 33.04347826086956, "percent_statements_covered_display": "33"}, "missing_lines": [36, 37, 38, 46, 51, 52, 55, 56, 57, 58, 62, 63, 67, 68, 69, 70, 73, 75, 76, 77, 78, 79, 80, 81, 108, 109, 110, 111, 112, 113, 114, 115, 116, 124, 125, 126, 127, 128, 129, 130, 131, 132, 133, 138, 139, 140, 141, 142, 143, 144, 145, 146, 147, 148, 153, 154, 155, 156, 157, 158, 159, 160, 161, 162, 167, 168, 169, 170, 171, 172, 173, 174, 175, 176, 185, 186, 187, 188, 189, 191, 192, 193, 194, 199, 200, 202, 203, 204, 205, 207, 208, 209, 221, 222, 223, 230, 231, 232, 233, 234, 248, 252, 253, 257, 258, 259, 260, 261, 262, 263, 264, 268, 272, 273, 274, 275, 282, 294, 295, 297, 305, 306, 308, 309, 310, 311, 312, 313, 314, 315, 316, 317, 318, 319, 320, 321, 327, 328, 329, 330, 331, 332, 337, 338, 342, 343, 344, 345, 347, 368, 369, 370, 371, 372], "excluded_lines": [356], "start_line": 1}}}, "app/business_metrics.py": {"executed_lines": [6, 7, 8, 10, 12, 15, 20, 26, 33, 40, 47, 54, 55, 56, 57, 58, 59, 60, 61, 64, 65, 66, 71, 78, 83, 88, 195, 198, 199, 207, 208, 209], "summary": {"covered_lines": 32, "num_statements": 84, "percent_covered": 38.095238095238095, "percent_covered_display": "38", "missing_lines": 52, "excluded_lines": 0, "percent_statements_covered": 38.095238095238095, "percent_statements_covered_display": "38"}, "missing_lines": [90, 91, 93, 95, 96, 99, 102, 105, 110, 113, 114, 117, 120, 125, 128, 129, 132, 135, 140, 141, 142, 145, 146, 147, 150, 151, 152, 153, 156, 159, 160, 161, 164, 167, 168, 169, 170, 171, 172, 173, 176, 179, 184, 187, 191, 192, 200, 201, 202, 203, 204, 205], "excluded_lines": [], "functions": {"_refresh": {"executed_lines": [], "summary": {"covered_lines": 0, "num_statements": 45, "percent_covered": 0.0, "percent_covered_display": "0", "missing_lines": 45, "excluded_lines": 0, "percent_statements_covered": 0.0, "percent_statements_covered_display": "0"}, "missing_lines": [90, 91, 93, 95, 99, 102, 105, 110, 113, 114, 117, 120, 125, 128, 129, 132, 135, 140, 141, 142, 145, 146, 147, 150, 151, 152, 153, 156, 159, 160, 161, 164, 167, 168, 169, 170, 171, 172, 173, 176, 179, 184, 187, 191, 192], "excluded_lines": [], "start_line": 88}, "_refresh.scalar": {"executed_lines": [], "summary": {"covered_lines": 0, "num_statements": 1, "percent_covered": 0.0, "percent_covered_display": "0", "missing_lines": 1, "excluded_lines": 0, "percent_statements_covered": 0.0, "percent_statements_covered_display": "0"}, "missing_lines": [96], "excluded_lines": [], "start_line": 95}, "start_background_refresh": {"executed_lines": [198, 207, 208, 209], "summary": {"covered_lines": 4, "num_statements": 4, "percent_covered": 100.0, "percent_covered_display": "100", "missing_lines": 0, "excluded_lines": 0, "percent_statements_covered": 100.0, "percent_statements_covered_display": "100"}, "missing_lines": [], "excluded_lines": [], "start_line": 195}, "start_background_refresh._loop": {"executed_lines": [199], "summary": {"covered_lines": 1, "num_statements": 7, "percent_covered": 14.285714285714286, "percent_covered_display": "14", "missing_lines": 6, "excluded_lines": 0, "percent_statements_covered": 14.285714285714286, "percent_statements_covered_display": "14"}, "missing_lines": [200, 201, 202, 203, 204, 205], "excluded_lines": [], "start_line": 198}, "": {"executed_lines": [6, 7, 8, 10, 12, 15, 20, 26, 33, 40, 47, 54, 55, 56, 57, 58, 59, 60, 61, 64, 65, 66, 71, 78, 83, 88, 195], "summary": {"covered_lines": 27, "num_statements": 27, "percent_covered": 100.0, "percent_covered_display": "100", "missing_lines": 0, "excluded_lines": 0, "percent_statements_covered": 100.0, "percent_statements_covered_display": "100"}, "missing_lines": [], "excluded_lines": [], "start_line": 1}}, "classes": {"": {"executed_lines": [6, 7, 8, 10, 12, 15, 20, 26, 33, 40, 47, 54, 55, 56, 57, 58, 59, 60, 61, 64, 65, 66, 71, 78, 83, 88, 195, 198, 199, 207, 208, 209], "summary": {"covered_lines": 32, "num_statements": 84, "percent_covered": 38.095238095238095, "percent_covered_display": "38", "missing_lines": 52, "excluded_lines": 0, "percent_statements_covered": 38.095238095238095, "percent_statements_covered_display": "38"}, "missing_lines": [90, 91, 93, 95, 96, 99, 102, 105, 110, 113, 114, 117, 120, 125, 128, 129, 132, 135, 140, 141, 142, 145, 146, 147, 150, 151, 152, 153, 156, 159, 160, 161, 164, 167, 168, 169, 170, 171, 172, 173, 176, 179, 184, 187, 191, 192, 200, 201, 202, 203, 204, 205], "excluded_lines": [], "start_line": 1}}}, "app/celery_app.py": {"executed_lines": [], "summary": {"covered_lines": 0, "num_statements": 11, "percent_covered": 0.0, "percent_covered_display": "0", "missing_lines": 11, "excluded_lines": 0, "percent_statements_covered": 0.0, "percent_statements_covered_display": "0"}, "missing_lines": [6, 8, 11, 12, 15, 16, 18, 23, 37, 38, 41], "excluded_lines": [], "functions": {"_make_celery": {"executed_lines": [], "summary": {"covered_lines": 0, "num_statements": 7, "percent_covered": 0.0, "percent_covered_display": "0", "missing_lines": 7, "excluded_lines": 0, "percent_statements_covered": 0.0, "percent_statements_covered_display": "0"}, "missing_lines": [12, 15, 16, 18, 23, 37, 38], "excluded_lines": [], "start_line": 11}, "": {"executed_lines": [], "summary": {"covered_lines": 0, "num_statements": 4, "percent_covered": 0.0, "percent_covered_display": "0", "missing_lines": 4, "excluded_lines": 0, "percent_statements_covered": 0.0, "percent_statements_covered_display": "0"}, "missing_lines": [6, 8, 11, 41], "excluded_lines": [], "start_line": 1}}, "classes": {"": {"executed_lines": [], "summary": {"covered_lines": 0, "num_statements": 11, "percent_covered": 0.0, "percent_covered_display": "0", "missing_lines": 11, "excluded_lines": 0, "percent_statements_covered": 0.0, "percent_statements_covered_display": "0"}, "missing_lines": [6, 8, 11, 12, 15, 16, 18, 23, 37, 38, 41], "excluded_lines": [], "start_line": 1}}}, "app/config.py": {"executed_lines": [1, 2, 4, 5, 7, 10, 11, 14, 17, 18, 19, 20, 21, 22, 23, 24, 25, 26, 29, 31, 34, 37, 38, 39, 42, 44, 47, 48, 49, 52, 55, 56, 57, 58, 59, 60, 61, 62, 65, 66, 67, 70, 71, 72, 73, 74, 75, 76, 77, 78, 81, 84, 87, 88, 91, 94, 95, 96, 99, 102, 105, 109, 114, 118, 121, 124, 127, 129, 130, 131, 133, 137, 141, 143, 144, 145, 147, 149, 151, 152, 154, 162, 164, 165, 166, 167, 168, 171, 173, 174, 175, 176, 178, 179, 180, 183, 184, 191], "summary": {"covered_lines": 98, "num_statements": 104, "percent_covered": 94.23076923076923, "percent_covered_display": "94", "missing_lines": 6, "excluded_lines": 0, "percent_statements_covered": 94.23076923076923, "percent_statements_covered_display": "94"}, "missing_lines": [138, 148, 155, 156, 160, 161], "excluded_lines": [], "functions": {"Settings.secret_key_must_be_strong": {"executed_lines": [133, 137, 141], "summary": {"covered_lines": 3, "num_statements": 4, "percent_covered": 75.0, "percent_covered_display": "75", "missing_lines": 1, "excluded_lines": 0, "percent_statements_covered": 75.0, "percent_statements_covered_display": "75"}, "missing_lines": [138], "excluded_lines": [], "start_line": 131}, "Settings.cors_no_wildcard_in_production": {"executed_lines": [147, 149], "summary": {"covered_lines": 2, "num_statements": 3, "percent_covered": 66.66666666666667, "percent_covered_display": "67", "missing_lines": 1, "excluded_lines": 0, "percent_statements_covered": 66.66666666666667, "percent_statements_covered_display": "67"}, "missing_lines": [148], "excluded_lines": [], "start_line": 145}, "Settings.validate_production_settings": {"executed_lines": [154, 162], "summary": {"covered_lines": 2, "num_statements": 6, "percent_covered": 33.333333333333336, "percent_covered_display": "33", "missing_lines": 4, "excluded_lines": 0, "percent_statements_covered": 33.333333333333336, "percent_statements_covered_display": "33"}, "missing_lines": [155, 156, 160, 161], "excluded_lines": [], "start_line": 152}, "Settings.warn_if_no_gitlab_token": {"executed_lines": [167, 168, 171], "summary": {"covered_lines": 3, "num_statements": 3, "percent_covered": 100.0, "percent_covered_display": "100", "missing_lines": 0, "excluded_lines": 0, "percent_statements_covered": 100.0, "percent_statements_covered_display": "100"}, "missing_lines": [], "excluded_lines": [], "start_line": 166}, "Settings.log_environment": {"executed_lines": [175, 176], "summary": {"covered_lines": 2, "num_statements": 2, "percent_covered": 100.0, "percent_covered_display": "100", "missing_lines": 0, "excluded_lines": 0, "percent_statements_covered": 100.0, "percent_statements_covered_display": "100"}, "missing_lines": [], "excluded_lines": [], "start_line": 174}, "Settings.cors_origins_list": {"executed_lines": [180], "summary": {"covered_lines": 1, "num_statements": 1, "percent_covered": 100.0, "percent_covered_display": "100", "missing_lines": 0, "excluded_lines": 0, "percent_statements_covered": 100.0, "percent_statements_covered_display": "100"}, "missing_lines": [], "excluded_lines": [], "start_line": 179}, "get_settings": {"executed_lines": [191], "summary": {"covered_lines": 1, "num_statements": 1, "percent_covered": 100.0, "percent_covered_display": "100", "missing_lines": 0, "excluded_lines": 0, "percent_statements_covered": 100.0, "percent_statements_covered_display": "100"}, "missing_lines": [], "excluded_lines": [], "start_line": 184}, "": {"executed_lines": [1, 2, 4, 5, 7, 10, 11, 14, 17, 18, 19, 20, 21, 22, 23, 24, 25, 26, 29, 31, 34, 37, 38, 39, 42, 44, 47, 48, 49, 52, 55, 56, 57, 58, 59, 60, 61, 62, 65, 66, 67, 70, 71, 72, 73, 74, 75, 76, 77, 78, 81, 84, 87, 88, 91, 94, 95, 96, 99, 102, 105, 109, 114, 118, 121, 124, 127, 129, 130, 131, 143, 144, 145, 151, 152, 164, 165, 166, 173, 174, 178, 179, 183, 184], "summary": {"covered_lines": 84, "num_statements": 84, "percent_covered": 100.0, "percent_covered_display": "100", "missing_lines": 0, "excluded_lines": 0, "percent_statements_covered": 100.0, "percent_statements_covered_display": "100"}, "missing_lines": [], "excluded_lines": [], "start_line": 1}}, "classes": {"Settings": {"executed_lines": [133, 137, 141, 147, 149, 154, 162, 167, 168, 171, 175, 176, 180], "summary": {"covered_lines": 13, "num_statements": 19, "percent_covered": 68.42105263157895, "percent_covered_display": "68", "missing_lines": 6, "excluded_lines": 0, "percent_statements_covered": 68.42105263157895, "percent_statements_covered_display": "68"}, "missing_lines": [138, 148, 155, 156, 160, 161], "excluded_lines": [], "start_line": 10}, "": {"executed_lines": [1, 2, 4, 5, 7, 10, 11, 14, 17, 18, 19, 20, 21, 22, 23, 24, 25, 26, 29, 31, 34, 37, 38, 39, 42, 44, 47, 48, 49, 52, 55, 56, 57, 58, 59, 60, 61, 62, 65, 66, 67, 70, 71, 72, 73, 74, 75, 76, 77, 78, 81, 84, 87, 88, 91, 94, 95, 96, 99, 102, 105, 109, 114, 118, 121, 124, 127, 129, 130, 131, 143, 144, 145, 151, 152, 164, 165, 166, 173, 174, 178, 179, 183, 184, 191], "summary": {"covered_lines": 85, "num_statements": 85, "percent_covered": 100.0, "percent_covered_display": "100", "missing_lines": 0, "excluded_lines": 0, "percent_statements_covered": 100.0, "percent_statements_covered_display": "100"}, "missing_lines": [], "excluded_lines": [], "start_line": 1}}}, "app/crypto.py": {"executed_lines": [8, 10, 12, 13, 16, 42, 56], "summary": {"covered_lines": 7, "num_statements": 42, "percent_covered": 16.666666666666668, "percent_covered_display": "17", "missing_lines": 35, "excluded_lines": 0, "percent_statements_covered": 16.666666666666668, "percent_statements_covered_display": "17"}, "missing_lines": [19, 20, 22, 23, 24, 25, 27, 28, 29, 33, 34, 35, 36, 37, 39, 44, 45, 46, 47, 48, 49, 50, 51, 52, 53, 61, 62, 63, 64, 65, 66, 67, 68, 70, 71], "excluded_lines": [], "functions": {"_get_fernet": {"executed_lines": [], "summary": {"covered_lines": 0, "num_statements": 15, "percent_covered": 0.0, "percent_covered_display": "0", "missing_lines": 15, "excluded_lines": 0, "percent_statements_covered": 0.0, "percent_statements_covered_display": "0"}, "missing_lines": [19, 20, 22, 23, 24, 25, 27, 28, 29, 33, 34, 35, 36, 37, 39], "excluded_lines": [], "start_line": 16}, "encrypt_token": {"executed_lines": [], "summary": {"covered_lines": 0, "num_statements": 10, "percent_covered": 0.0, "percent_covered_display": "0", "missing_lines": 10, "excluded_lines": 0, "percent_statements_covered": 0.0, "percent_statements_covered_display": "0"}, "missing_lines": [44, 45, 46, 47, 48, 49, 50, 51, 52, 53], "excluded_lines": [], "start_line": 42}, "decrypt_token": {"executed_lines": [], "summary": {"covered_lines": 0, "num_statements": 10, "percent_covered": 0.0, "percent_covered_display": "0", "missing_lines": 10, "excluded_lines": 0, "percent_statements_covered": 0.0, "percent_statements_covered_display": "0"}, "missing_lines": [61, 62, 63, 64, 65, 66, 67, 68, 70, 71], "excluded_lines": [], "start_line": 56}, "": {"executed_lines": [8, 10, 12, 13, 16, 42, 56], "summary": {"covered_lines": 7, "num_statements": 7, "percent_covered": 100.0, "percent_covered_display": "100", "missing_lines": 0, "excluded_lines": 0, "percent_statements_covered": 100.0, "percent_statements_covered_display": "100"}, "missing_lines": [], "excluded_lines": [], "start_line": 1}}, "classes": {"": {"executed_lines": [8, 10, 12, 13, 16, 42, 56], "summary": {"covered_lines": 7, "num_statements": 42, "percent_covered": 16.666666666666668, "percent_covered_display": "17", "missing_lines": 35, "excluded_lines": 0, "percent_statements_covered": 16.666666666666668, "percent_statements_covered_display": "17"}, "missing_lines": [19, 20, 22, 23, 24, 25, 27, 28, 29, 33, 34, 35, 36, 37, 39, 44, 45, 46, 47, 48, 49, 50, 51, 52, 53, 61, 62, 63, 64, 65, 66, 67, 68, 70, 71], "excluded_lines": [], "start_line": 1}}}, "app/database.py": {"executed_lines": [1, 2, 4, 6, 8, 14, 17, 18, 21], "summary": {"covered_lines": 9, "num_statements": 13, "percent_covered": 69.23076923076923, "percent_covered_display": "69", "missing_lines": 4, "excluded_lines": 0, "percent_statements_covered": 69.23076923076923, "percent_statements_covered_display": "69"}, "missing_lines": [22, 23, 24, 26], "excluded_lines": [], "functions": {"get_db": {"executed_lines": [], "summary": {"covered_lines": 0, "num_statements": 4, "percent_covered": 0.0, "percent_covered_display": "0", "missing_lines": 4, "excluded_lines": 0, "percent_statements_covered": 0.0, "percent_statements_covered_display": "0"}, "missing_lines": [22, 23, 24, 26], "excluded_lines": [], "start_line": 21}, "": {"executed_lines": [1, 2, 4, 6, 8, 14, 17, 18, 21], "summary": {"covered_lines": 9, "num_statements": 9, "percent_covered": 100.0, "percent_covered_display": "100", "missing_lines": 0, "excluded_lines": 0, "percent_statements_covered": 100.0, "percent_statements_covered_display": "100"}, "missing_lines": [], "excluded_lines": [], "start_line": 1}}, "classes": {"Base": {"executed_lines": [], "summary": {"covered_lines": 0, "num_statements": 0, "percent_covered": 100.0, "percent_covered_display": "100", "missing_lines": 0, "excluded_lines": 0, "percent_statements_covered": 100.0, "percent_statements_covered_display": "100"}, "missing_lines": [], "excluded_lines": [], "start_line": 17}, "": {"executed_lines": [1, 2, 4, 6, 8, 14, 17, 18, 21], "summary": {"covered_lines": 9, "num_statements": 13, "percent_covered": 69.23076923076923, "percent_covered_display": "69", "missing_lines": 4, "excluded_lines": 0, "percent_statements_covered": 69.23076923076923, "percent_statements_covered_display": "69"}, "missing_lines": [22, 23, 24, 26], "excluded_lines": [], "start_line": 1}}}, "app/db_profiler.py": {"executed_lines": [6, 7, 8, 9, 10, 12, 13, 15, 17, 18, 21, 22, 23, 24, 29, 30, 31, 34, 35, 36, 39, 40, 46, 47, 60, 61, 63, 64, 65, 67, 70, 77, 82, 83, 85, 86, 87, 88, 89, 90, 98, 100, 101], "summary": {"covered_lines": 43, "num_statements": 56, "percent_covered": 76.78571428571429, "percent_covered_display": "77", "missing_lines": 13, "excluded_lines": 0, "percent_statements_covered": 76.78571428571429, "percent_statements_covered_display": "77"}, "missing_lines": [25, 26, 42, 43, 49, 50, 51, 52, 53, 54, 79, 80, 91], "excluded_lines": [], "functions": {"_get_threshold_ms": {"executed_lines": [22, 23, 24], "summary": {"covered_lines": 3, "num_statements": 5, "percent_covered": 60.0, "percent_covered_display": "60", "missing_lines": 2, "excluded_lines": 0, "percent_statements_covered": 60.0, "percent_statements_covered_display": "60"}, "missing_lines": [25, 26], "excluded_lines": [], "start_line": 21}, "_before_execute": {"executed_lines": [31], "summary": {"covered_lines": 1, "num_statements": 1, "percent_covered": 100.0, "percent_covered_display": "100", "missing_lines": 0, "excluded_lines": 0, "percent_statements_covered": 100.0, "percent_statements_covered_display": "100"}, "missing_lines": [], "excluded_lines": [], "start_line": 30}, "_after_execute": {"executed_lines": [36, 39, 40, 46, 47], "summary": {"covered_lines": 5, "num_statements": 13, "percent_covered": 38.46153846153846, "percent_covered_display": "38", "missing_lines": 8, "excluded_lines": 0, "percent_statements_covered": 38.46153846153846, "percent_statements_covered_display": "38"}, "missing_lines": [42, 43, 49, 50, 51, 52, 53, 54], "excluded_lines": [], "start_line": 35}, "track_queries": {"executed_lines": [63, 64, 65, 67], "summary": {"covered_lines": 4, "num_statements": 4, "percent_covered": 100.0, "percent_covered_display": "100", "missing_lines": 0, "excluded_lines": 0, "percent_statements_covered": 100.0, "percent_statements_covered_display": "100"}, "missing_lines": [], "excluded_lines": [], "start_line": 61}, "setup_db_profiler": {"executed_lines": [77, 82, 83, 85, 86, 100, 101], "summary": {"covered_lines": 7, "num_statements": 9, "percent_covered": 77.77777777777777, "percent_covered_display": "78", "missing_lines": 2, "excluded_lines": 0, "percent_statements_covered": 77.77777777777777, "percent_statements_covered_display": "78"}, "missing_lines": [79, 80], "excluded_lines": [], "start_line": 70}, "setup_db_profiler.QueryProfilerMiddleware.dispatch": {"executed_lines": [87, 88, 89, 90, 98], "summary": {"covered_lines": 5, "num_statements": 6, "percent_covered": 83.33333333333333, "percent_covered_display": "83", "missing_lines": 1, "excluded_lines": 0, "percent_statements_covered": 83.33333333333333, "percent_statements_covered_display": "83"}, "missing_lines": [91], "excluded_lines": [], "start_line": 86}, "": {"executed_lines": [6, 7, 8, 9, 10, 12, 13, 15, 17, 18, 21, 29, 30, 34, 35, 60, 61, 70], "summary": {"covered_lines": 18, "num_statements": 18, "percent_covered": 100.0, "percent_covered_display": "100", "missing_lines": 0, "excluded_lines": 0, "percent_statements_covered": 100.0, "percent_statements_covered_display": "100"}, "missing_lines": [], "excluded_lines": [], "start_line": 1}}, "classes": {"setup_db_profiler.QueryProfilerMiddleware": {"executed_lines": [87, 88, 89, 90, 98], "summary": {"covered_lines": 5, "num_statements": 6, "percent_covered": 83.33333333333333, "percent_covered_display": "83", "missing_lines": 1, "excluded_lines": 0, "percent_statements_covered": 83.33333333333333, "percent_statements_covered_display": "83"}, "missing_lines": [91], "excluded_lines": [], "start_line": 85}, "": {"executed_lines": [6, 7, 8, 9, 10, 12, 13, 15, 17, 18, 21, 22, 23, 24, 29, 30, 31, 34, 35, 36, 39, 40, 46, 47, 60, 61, 63, 64, 65, 67, 70, 77, 82, 83, 85, 86, 100, 101], "summary": {"covered_lines": 38, "num_statements": 50, "percent_covered": 76.0, "percent_covered_display": "76", "missing_lines": 12, "excluded_lines": 0, "percent_statements_covered": 76.0, "percent_statements_covered_display": "76"}, "missing_lines": [25, 26, 42, 43, 49, 50, 51, 52, 53, 54, 79, 80], "excluded_lines": [], "start_line": 1}}}, "app/email_ingest.py": {"executed_lines": [], "summary": {"covered_lines": 0, "num_statements": 212, "percent_covered": 0.0, "percent_covered_display": "0", "missing_lines": 212, "excluded_lines": 0, "percent_statements_covered": 0.0, "percent_statements_covered_display": "0"}, "missing_lines": [2, 3, 4, 5, 6, 7, 8, 9, 11, 13, 14, 15, 18, 21, 23, 24, 26, 28, 30, 33, 34, 35, 36, 39, 40, 41, 42, 43, 44, 47, 49, 50, 51, 52, 53, 54, 55, 56, 57, 58, 60, 61, 62, 63, 66, 68, 69, 70, 71, 74, 76, 77, 78, 79, 80, 81, 82, 83, 84, 85, 86, 87, 88, 91, 93, 94, 95, 96, 97, 98, 99, 100, 101, 102, 105, 113, 114, 115, 117, 118, 119, 120, 121, 122, 123, 126, 127, 128, 129, 132, 133, 134, 135, 136, 138, 139, 144, 145, 146, 147, 149, 150, 151, 152, 153, 154, 155, 156, 157, 163, 166, 167, 168, 169, 174, 175, 176, 177, 180, 182, 183, 184, 185, 186, 188, 189, 190, 191, 193, 194, 195, 196, 197, 198, 200, 201, 202, 204, 205, 207, 208, 209, 213, 214, 216, 217, 218, 219, 221, 222, 223, 224, 225, 227, 228, 229, 230, 231, 233, 234, 237, 239, 241, 242, 243, 244, 248, 250, 252, 257, 258, 259, 260, 261, 262, 263, 264, 267, 274, 281, 282, 283, 284, 290, 291, 293, 294, 295, 301, 302, 303, 304, 307, 310, 311, 312, 317, 318, 320, 321, 322, 323, 325, 326, 328, 329, 331, 332, 333, 334, 335, 337], "excluded_lines": [], "functions": {"_sanitize_email_body": {"executed_lines": [], "summary": {"covered_lines": 0, "num_statements": 5, "percent_covered": 0.0, "percent_covered_display": "0", "missing_lines": 5, "excluded_lines": 0, "percent_statements_covered": 0.0, "percent_statements_covered_display": "0"}, "missing_lines": [23, 24, 26, 28, 30], "excluded_lines": [], "start_line": 21}, "_decode_str": {"executed_lines": [], "summary": {"covered_lines": 0, "num_statements": 3, "percent_covered": 0.0, "percent_covered_display": "0", "missing_lines": 3, "excluded_lines": 0, "percent_statements_covered": 0.0, "percent_statements_covered_display": "0"}, "missing_lines": [34, 35, 36], "excluded_lines": [], "start_line": 33}, "_parse_subject": {"executed_lines": [], "summary": {"covered_lines": 0, "num_statements": 5, "percent_covered": 0.0, "percent_covered_display": "0", "missing_lines": 5, "excluded_lines": 0, "percent_statements_covered": 0.0, "percent_statements_covered_display": "0"}, "missing_lines": [40, 41, 42, 43, 44], "excluded_lines": [], "start_line": 39}, "_parse_body": {"executed_lines": [], "summary": {"covered_lines": 0, "num_statements": 14, "percent_covered": 0.0, "percent_covered_display": "0", "missing_lines": 14, "excluded_lines": 0, "percent_statements_covered": 0.0, "percent_statements_covered_display": "0"}, "missing_lines": [49, 50, 51, 52, 53, 54, 55, 56, 57, 58, 60, 61, 62, 63], "excluded_lines": [], "start_line": 47}, "_extract_email_address": {"executed_lines": [], "summary": {"covered_lines": 0, "num_statements": 4, "percent_covered": 0.0, "percent_covered_display": "0", "missing_lines": 4, "excluded_lines": 0, "percent_statements_covered": 0.0, "percent_statements_covered_display": "0"}, "missing_lines": [68, 69, 70, 71], "excluded_lines": [], "start_line": 66}, "_is_duplicate": {"executed_lines": [], "summary": {"covered_lines": 0, "num_statements": 13, "percent_covered": 0.0, "percent_covered_display": "0", "missing_lines": 13, "excluded_lines": 0, "percent_statements_covered": 0.0, "percent_statements_covered_display": "0"}, "missing_lines": [76, 77, 78, 79, 80, 81, 82, 83, 84, 85, 86, 87, 88], "excluded_lines": [], "start_line": 74}, "_store_ticket_msgid": {"executed_lines": [], "summary": {"covered_lines": 0, "num_statements": 10, "percent_covered": 0.0, "percent_covered_display": "0", "missing_lines": 10, "excluded_lines": 0, "percent_statements_covered": 0.0, "percent_statements_covered_display": "0"}, "missing_lines": [93, 94, 95, 96, 97, 98, 99, 100, 101, 102], "excluded_lines": [], "start_line": 91}, "_find_parent_ticket": {"executed_lines": [], "summary": {"covered_lines": 0, "num_statements": 29, "percent_covered": 0.0, "percent_covered_display": "0", "missing_lines": 29, "excluded_lines": 0, "percent_statements_covered": 0.0, "percent_statements_covered_display": "0"}, "missing_lines": [113, 114, 115, 117, 126, 127, 128, 129, 132, 133, 134, 135, 136, 138, 139, 144, 145, 146, 147, 149, 150, 151, 152, 153, 154, 155, 156, 157, 163], "excluded_lines": [], "start_line": 105}, "_find_parent_ticket._lookup_msgid": {"executed_lines": [], "summary": {"covered_lines": 0, "num_statements": 6, "percent_covered": 0.0, "percent_covered_display": "0", "missing_lines": 6, "excluded_lines": 0, "percent_statements_covered": 0.0, "percent_statements_covered_display": "0"}, "missing_lines": [118, 119, 120, 121, 122, 123], "excluded_lines": [], "start_line": 117}, "_send_confirmation": {"executed_lines": [], "summary": {"covered_lines": 0, "num_statements": 7, "percent_covered": 0.0, "percent_covered_display": "0", "missing_lines": 7, "excluded_lines": 0, "percent_statements_covered": 0.0, "percent_statements_covered_display": "0"}, "missing_lines": [167, 168, 169, 174, 175, 176, 177], "excluded_lines": [], "start_line": 166}, "process_inbox": {"executed_lines": [], "summary": {"covered_lines": 0, "num_statements": 93, "percent_covered": 0.0, "percent_covered_display": "0", "missing_lines": 93, "excluded_lines": 0, "percent_statements_covered": 0.0, "percent_statements_covered_display": "0"}, "missing_lines": [182, 183, 184, 185, 186, 188, 189, 190, 191, 193, 194, 195, 196, 197, 198, 200, 201, 202, 204, 205, 207, 208, 209, 213, 214, 216, 217, 218, 219, 221, 222, 223, 224, 225, 227, 228, 229, 230, 231, 233, 234, 237, 239, 241, 242, 243, 244, 248, 250, 252, 257, 258, 259, 260, 261, 262, 263, 264, 267, 274, 281, 282, 283, 284, 290, 291, 293, 294, 295, 301, 302, 303, 304, 307, 310, 311, 312, 317, 318, 320, 321, 322, 323, 325, 326, 328, 329, 331, 332, 333, 334, 335, 337], "excluded_lines": [], "start_line": 180}, "": {"executed_lines": [], "summary": {"covered_lines": 0, "num_statements": 23, "percent_covered": 0.0, "percent_covered_display": "0", "missing_lines": 23, "excluded_lines": 0, "percent_statements_covered": 0.0, "percent_statements_covered_display": "0"}, "missing_lines": [2, 3, 4, 5, 6, 7, 8, 9, 11, 13, 14, 15, 18, 21, 33, 39, 47, 66, 74, 91, 105, 166, 180], "excluded_lines": [], "start_line": 1}}, "classes": {"": {"executed_lines": [], "summary": {"covered_lines": 0, "num_statements": 212, "percent_covered": 0.0, "percent_covered_display": "0", "missing_lines": 212, "excluded_lines": 0, "percent_statements_covered": 0.0, "percent_statements_covered_display": "0"}, "missing_lines": [2, 3, 4, 5, 6, 7, 8, 9, 11, 13, 14, 15, 18, 21, 23, 24, 26, 28, 30, 33, 34, 35, 36, 39, 40, 41, 42, 43, 44, 47, 49, 50, 51, 52, 53, 54, 55, 56, 57, 58, 60, 61, 62, 63, 66, 68, 69, 70, 71, 74, 76, 77, 78, 79, 80, 81, 82, 83, 84, 85, 86, 87, 88, 91, 93, 94, 95, 96, 97, 98, 99, 100, 101, 102, 105, 113, 114, 115, 117, 118, 119, 120, 121, 122, 123, 126, 127, 128, 129, 132, 133, 134, 135, 136, 138, 139, 144, 145, 146, 147, 149, 150, 151, 152, 153, 154, 155, 156, 157, 163, 166, 167, 168, 169, 174, 175, 176, 177, 180, 182, 183, 184, 185, 186, 188, 189, 190, 191, 193, 194, 195, 196, 197, 198, 200, 201, 202, 204, 205, 207, 208, 209, 213, 214, 216, 217, 218, 219, 221, 222, 223, 224, 225, 227, 228, 229, 230, 231, 233, 234, 237, 239, 241, 242, 243, 244, 248, 250, 252, 257, 258, 259, 260, 261, 262, 263, 264, 267, 274, 281, 282, 283, 284, 290, 291, 293, 294, 295, 301, 302, 303, 304, 307, 310, 311, 312, 317, 318, 320, 321, 322, 323, 325, 326, 328, 329, 331, 332, 333, 334, 335, 337], "excluded_lines": [], "start_line": 1}}}, "app/gitlab_client.py": {"executed_lines": [1, 2, 3, 4, 5, 6, 8, 10, 15, 16, 19, 22, 23, 24, 25, 33, 36, 37, 44, 45, 49, 51, 56, 57, 58, 59, 60, 63, 76, 82, 91, 92, 93, 94, 97, 98, 99, 100, 104, 109, 111, 114, 116, 122, 192, 205, 211, 212, 213, 214, 215, 236, 256, 283, 327, 328, 331, 390, 408, 409, 410, 411, 412, 420, 422, 423, 424, 426, 429, 436, 455, 468, 469, 471, 482, 488, 526, 551, 554, 573, 575, 576, 577, 578, 579, 581, 582, 585, 607, 609, 610, 611, 613, 615, 616, 623, 624, 625, 628, 642, 645, 717, 723, 724, 726, 727, 728, 735, 736, 738, 750, 753, 795, 841, 857, 891, 912, 915, 986, 997, 998, 999, 1000, 1004, 1030, 1032, 1033, 1034, 1035, 1038, 1039, 1040, 1041, 1042, 1044, 1045, 1047, 1048, 1049, 1050, 1053, 1083], "summary": {"covered_lines": 142, "num_statements": 558, "percent_covered": 25.448028673835125, "percent_covered_display": "25", "missing_lines": 416, "excluded_lines": 0, "percent_statements_covered": 25.448028673835125, "percent_statements_covered_display": "25"}, "missing_lines": [66, 67, 68, 69, 70, 78, 79, 84, 85, 86, 87, 88, 101, 110, 118, 119, 128, 129, 131, 132, 135, 136, 137, 138, 139, 140, 141, 142, 143, 145, 146, 147, 149, 150, 152, 153, 154, 156, 157, 158, 159, 164, 165, 166, 167, 168, 169, 170, 172, 173, 174, 175, 176, 179, 180, 181, 182, 183, 184, 185, 186, 188, 189, 194, 195, 196, 201, 202, 227, 228, 229, 230, 231, 232, 233, 238, 239, 240, 241, 242, 247, 248, 249, 250, 251, 252, 253, 261, 262, 263, 264, 265, 266, 267, 268, 269, 270, 271, 272, 273, 274, 275, 276, 277, 278, 279, 280, 298, 299, 305, 306, 307, 308, 309, 310, 311, 312, 313, 314, 319, 320, 321, 322, 323, 324, 349, 350, 351, 352, 353, 354, 355, 356, 357, 358, 359, 360, 361, 362, 363, 364, 365, 366, 367, 368, 369, 370, 371, 373, 374, 375, 376, 377, 378, 379, 380, 381, 382, 383, 384, 385, 386, 387, 421, 425, 430, 431, 432, 433, 437, 438, 439, 440, 441, 446, 447, 448, 449, 450, 451, 452, 470, 472, 473, 478, 479, 483, 484, 485, 499, 500, 501, 502, 503, 504, 505, 506, 507, 508, 509, 510, 512, 513, 515, 516, 517, 522, 523, 537, 538, 539, 544, 545, 547, 548, 580, 587, 588, 589, 590, 591, 592, 603, 604, 617, 618, 620, 621, 629, 630, 631, 632, 633, 634, 636, 637, 639, 640, 647, 648, 650, 651, 653, 654, 656, 657, 659, 660, 661, 663, 664, 667, 683, 684, 685, 686, 699, 700, 701, 713, 733, 734, 739, 740, 741, 746, 747, 748, 749, 764, 765, 766, 767, 768, 770, 772, 773, 774, 775, 776, 777, 778, 780, 781, 782, 783, 784, 785, 786, 791, 792, 807, 808, 810, 811, 812, 816, 817, 818, 819, 828, 829, 830, 831, 832, 837, 838, 843, 844, 845, 850, 851, 852, 853, 854, 867, 868, 869, 874, 875, 876, 877, 878, 883, 884, 885, 886, 887, 888, 897, 898, 899, 904, 905, 906, 907, 908, 909, 922, 923, 924, 925, 927, 928, 930, 931, 933, 935, 936, 937, 942, 943, 944, 945, 946, 948, 949, 953, 954, 959, 960, 961, 962, 963, 966, 967, 968, 969, 970, 971, 972, 976, 977, 978, 979, 980, 981, 983, 1005, 1006, 1007, 1008, 1009, 1010, 1011, 1012, 1013, 1014, 1015, 1016, 1017, 1018, 1019, 1020, 1022, 1023, 1024, 1025, 1031, 1036, 1037, 1043, 1068, 1069, 1070, 1073, 1074, 1079, 1080, 1089, 1090, 1091, 1092, 1093, 1098, 1099], "excluded_lines": [], "functions": {"_get_shared_client": {"executed_lines": [22, 23, 24, 25, 33], "summary": {"covered_lines": 5, "num_statements": 5, "percent_covered": 100.0, "percent_covered_display": "100", "missing_lines": 0, "excluded_lines": 0, "percent_statements_covered": 100.0, "percent_statements_covered_display": "100"}, "missing_lines": [], "excluded_lines": [], "start_line": 19}, "_http_ctx": {"executed_lines": [44, 45, 49, 51], "summary": {"covered_lines": 4, "num_statements": 4, "percent_covered": 100.0, "percent_covered_display": "100", "missing_lines": 0, "excluded_lines": 0, "percent_statements_covered": 100.0, "percent_statements_covered_display": "100"}, "missing_lines": [], "excluded_lines": [], "start_line": 37}, "_check_circuit": {"executed_lines": [], "summary": {"covered_lines": 0, "num_statements": 5, "percent_covered": 0.0, "percent_covered_display": "0", "missing_lines": 5, "excluded_lines": 0, "percent_statements_covered": 0.0, "percent_statements_covered_display": "0"}, "missing_lines": [66, 67, 68, 69, 70], "excluded_lines": [], "start_line": 63}, "_record_success": {"executed_lines": [], "summary": {"covered_lines": 0, "num_statements": 2, "percent_covered": 0.0, "percent_covered_display": "0", "missing_lines": 2, "excluded_lines": 0, "percent_statements_covered": 0.0, "percent_statements_covered_display": "0"}, "missing_lines": [78, 79], "excluded_lines": [], "start_line": 76}, "_record_failure": {"executed_lines": [], "summary": {"covered_lines": 0, "num_statements": 5, "percent_covered": 0.0, "percent_covered_display": "0", "missing_lines": 5, "excluded_lines": 0, "percent_statements_covered": 0.0, "percent_statements_covered_display": "0"}, "missing_lines": [84, 85, 86, 87, 88], "excluded_lines": [], "start_line": 82}, "_base": {"executed_lines": [92, 93, 94], "summary": {"covered_lines": 3, "num_statements": 3, "percent_covered": 100.0, "percent_covered_display": "100", "missing_lines": 0, "excluded_lines": 0, "percent_statements_covered": 100.0, "percent_statements_covered_display": "100"}, "missing_lines": [], "excluded_lines": [], "start_line": 91}, "_headers": {"executed_lines": [98, 99, 100], "summary": {"covered_lines": 3, "num_statements": 4, "percent_covered": 75.0, "percent_covered_display": "75", "missing_lines": 1, "excluded_lines": 0, "percent_statements_covered": 75.0, "percent_statements_covered_display": "75"}, "missing_lines": [101], "excluded_lines": [], "start_line": 97}, "_get_headers": {"executed_lines": [109, 111], "summary": {"covered_lines": 2, "num_statements": 3, "percent_covered": 66.66666666666667, "percent_covered_display": "67", "missing_lines": 1, "excluded_lines": 0, "percent_statements_covered": 66.66666666666667, "percent_statements_covered_display": "67"}, "missing_lines": [110], "excluded_lines": [], "start_line": 104}, "_redis_client": {"executed_lines": [], "summary": {"covered_lines": 0, "num_statements": 2, "percent_covered": 0.0, "percent_covered_display": "0", "missing_lines": 2, "excluded_lines": 0, "percent_statements_covered": 0.0, "percent_statements_covered_display": "0"}, "missing_lines": [118, 119], "excluded_lines": [], "start_line": 116}, "get_users_by_usernames": {"executed_lines": [], "summary": {"covered_lines": 0, "num_statements": 37, "percent_covered": 0.0, "percent_covered_display": "0", "missing_lines": 37, "excluded_lines": 0, "percent_statements_covered": 0.0, "percent_statements_covered_display": "0"}, "missing_lines": [128, 129, 131, 132, 135, 136, 137, 138, 139, 140, 141, 142, 143, 145, 146, 147, 149, 150, 152, 153, 154, 156, 172, 173, 174, 175, 176, 179, 180, 181, 182, 183, 184, 185, 186, 188, 189], "excluded_lines": [], "start_line": 122}, "get_users_by_usernames._fetch": {"executed_lines": [], "summary": {"covered_lines": 0, "num_statements": 10, "percent_covered": 0.0, "percent_covered_display": "0", "missing_lines": 10, "excluded_lines": 0, "percent_statements_covered": 0.0, "percent_statements_covered_display": "0"}, "missing_lines": [157, 158, 159, 164, 165, 166, 167, 168, 169, 170], "excluded_lines": [], "start_line": 156}, "get_user_accessible_projects": {"executed_lines": [], "summary": {"covered_lines": 0, "num_statements": 5, "percent_covered": 0.0, "percent_covered_display": "0", "missing_lines": 5, "excluded_lines": 0, "percent_statements_covered": 0.0, "percent_statements_covered_display": "0"}, "missing_lines": [194, 195, 196, 201, 202], "excluded_lines": [], "start_line": 192}, "get_user_projects": {"executed_lines": [211, 212, 213, 214, 215], "summary": {"covered_lines": 5, "num_statements": 12, "percent_covered": 41.666666666666664, "percent_covered_display": "42", "missing_lines": 7, "excluded_lines": 0, "percent_statements_covered": 41.666666666666664, "percent_statements_covered_display": "42"}, "missing_lines": [227, 228, 229, 230, 231, 232, 233], "excluded_lines": [], "start_line": 205}, "get_project_members": {"executed_lines": [], "summary": {"covered_lines": 0, "num_statements": 12, "percent_covered": 0.0, "percent_covered_display": "0", "missing_lines": 12, "excluded_lines": 0, "percent_statements_covered": 0.0, "percent_statements_covered_display": "0"}, "missing_lines": [238, 239, 240, 241, 242, 247, 248, 249, 250, 251, 252, 253], "excluded_lines": [], "start_line": 236}, "get_group_members": {"executed_lines": [], "summary": {"covered_lines": 0, "num_statements": 20, "percent_covered": 0.0, "percent_covered_display": "0", "missing_lines": 20, "excluded_lines": 0, "percent_statements_covered": 0.0, "percent_statements_covered_display": "0"}, "missing_lines": [261, 262, 263, 264, 265, 266, 267, 268, 269, 270, 271, 272, 273, 274, 275, 276, 277, 278, 279, 280], "excluded_lines": [], "start_line": 256}, "create_issue": {"executed_lines": [], "summary": {"covered_lines": 0, "num_statements": 18, "percent_covered": 0.0, "percent_covered_display": "0", "missing_lines": 18, "excluded_lines": 0, "percent_statements_covered": 0.0, "percent_statements_covered_display": "0"}, "missing_lines": [298, 299, 305, 306, 307, 308, 309, 310, 311, 312, 313, 314, 319, 320, 321, 322, 323, 324], "excluded_lines": [], "start_line": 283}, "get_issues": {"executed_lines": [], "summary": {"covered_lines": 0, "num_statements": 38, "percent_covered": 0.0, "percent_covered_display": "0", "missing_lines": 38, "excluded_lines": 0, "percent_statements_covered": 0.0, "percent_statements_covered_display": "0"}, "missing_lines": [349, 350, 351, 352, 353, 354, 355, 356, 357, 358, 359, 360, 361, 362, 363, 364, 365, 366, 367, 368, 369, 370, 371, 373, 374, 375, 376, 377, 378, 379, 380, 381, 382, 383, 384, 385, 386, 387], "excluded_lines": [], "start_line": 331}, "get_all_issues": {"executed_lines": [408, 409, 410, 411, 412, 420, 422, 423, 424, 426], "summary": {"covered_lines": 10, "num_statements": 12, "percent_covered": 83.33333333333333, "percent_covered_display": "83", "missing_lines": 2, "excluded_lines": 0, "percent_statements_covered": 83.33333333333333, "percent_statements_covered_display": "83"}, "missing_lines": [421, 425], "excluded_lines": [], "start_line": 390}, "get_issue": {"executed_lines": [], "summary": {"covered_lines": 0, "num_statements": 4, "percent_covered": 0.0, "percent_covered_display": "0", "missing_lines": 4, "excluded_lines": 0, "percent_statements_covered": 0.0, "percent_statements_covered_display": "0"}, "missing_lines": [430, 431, 432, 433], "excluded_lines": [], "start_line": 429}, "get_notes": {"executed_lines": [], "summary": {"covered_lines": 0, "num_statements": 12, "percent_covered": 0.0, "percent_covered_display": "0", "missing_lines": 12, "excluded_lines": 0, "percent_statements_covered": 0.0, "percent_statements_covered_display": "0"}, "missing_lines": [437, 438, 439, 440, 441, 446, 447, 448, 449, 450, 451, 452], "excluded_lines": [], "start_line": 436}, "add_note": {"executed_lines": [468, 469, 471], "summary": {"covered_lines": 3, "num_statements": 8, "percent_covered": 37.5, "percent_covered_display": "38", "missing_lines": 5, "excluded_lines": 0, "percent_statements_covered": 37.5, "percent_statements_covered_display": "38"}, "missing_lines": [470, 472, 473, 478, 479], "excluded_lines": [], "start_line": 455}, "delete_issue": {"executed_lines": [], "summary": {"covered_lines": 0, "num_statements": 3, "percent_covered": 0.0, "percent_covered_display": "0", "missing_lines": 3, "excluded_lines": 0, "percent_statements_covered": 0.0, "percent_statements_covered_display": "0"}, "missing_lines": [483, 484, 485], "excluded_lines": [], "start_line": 482}, "update_issue": {"executed_lines": [], "summary": {"covered_lines": 0, "num_statements": 19, "percent_covered": 0.0, "percent_covered_display": "0", "missing_lines": 19, "excluded_lines": 0, "percent_statements_covered": 0.0, "percent_statements_covered_display": "0"}, "missing_lines": [499, 500, 501, 502, 503, 504, 505, 506, 507, 508, 509, 510, 512, 513, 515, 516, 517, 522, 523], "excluded_lines": [], "start_line": 488}, "upload_file": {"executed_lines": [], "summary": {"covered_lines": 0, "num_statements": 7, "percent_covered": 0.0, "percent_covered_display": "0", "missing_lines": 7, "excluded_lines": 0, "percent_statements_covered": 0.0, "percent_statements_covered_display": "0"}, "missing_lines": [537, 538, 539, 544, 545, 547, 548], "excluded_lines": [], "start_line": 526}, "get_category_labels_from_db": {"executed_lines": [575, 576, 577, 578, 579, 581, 582], "summary": {"covered_lines": 7, "num_statements": 8, "percent_covered": 87.5, "percent_covered_display": "88", "missing_lines": 1, "excluded_lines": 0, "percent_statements_covered": 87.5, "percent_statements_covered_display": "88"}, "missing_lines": [580], "excluded_lines": [], "start_line": 573}, "get_category_labels_with_meta": {"executed_lines": [], "summary": {"covered_lines": 0, "num_statements": 8, "percent_covered": 0.0, "percent_covered_display": "0", "missing_lines": 8, "excluded_lines": 0, "percent_statements_covered": 0.0, "percent_statements_covered_display": "0"}, "missing_lines": [587, 588, 589, 590, 591, 592, 603, 604], "excluded_lines": [], "start_line": 585}, "sync_label_to_gitlab": {"executed_lines": [609, 610, 611, 613, 615, 616, 623, 624, 625, 628, 642], "summary": {"covered_lines": 11, "num_statements": 25, "percent_covered": 44.0, "percent_covered_display": "44", "missing_lines": 14, "excluded_lines": 0, "percent_statements_covered": 44.0, "percent_statements_covered_display": "44"}, "missing_lines": [617, 618, 620, 621, 629, 630, 631, 632, 633, 634, 636, 637, 639, 640], "excluded_lines": [], "start_line": 607}, "get_label_sync_status": {"executed_lines": [], "summary": {"covered_lines": 0, "num_statements": 22, "percent_covered": 0.0, "percent_covered_display": "0", "missing_lines": 22, "excluded_lines": 0, "percent_statements_covered": 0.0, "percent_statements_covered_display": "0"}, "missing_lines": [647, 648, 650, 651, 653, 654, 656, 657, 659, 660, 661, 663, 664, 667, 683, 684, 685, 686, 699, 700, 701, 713], "excluded_lines": [], "start_line": 645}, "_fetch_existing_labels": {"executed_lines": [723, 724, 726, 727, 728, 735, 736, 738, 750], "summary": {"covered_lines": 9, "num_statements": 18, "percent_covered": 50.0, "percent_covered_display": "50", "missing_lines": 9, "excluded_lines": 0, "percent_statements_covered": 50.0, "percent_statements_covered_display": "50"}, "missing_lines": [733, 734, 739, 740, 741, 746, 747, 748, 749], "excluded_lines": [], "start_line": 717}, "ensure_project_labels": {"executed_lines": [], "summary": {"covered_lines": 0, "num_statements": 22, "percent_covered": 0.0, "percent_covered_display": "0", "missing_lines": 22, "excluded_lines": 0, "percent_statements_covered": 0.0, "percent_statements_covered_display": "0"}, "missing_lines": [764, 765, 766, 767, 768, 770, 772, 773, 774, 775, 776, 777, 778, 780, 781, 782, 783, 784, 785, 786, 791, 792], "excluded_lines": [], "start_line": 753}, "register_project_webhook": {"executed_lines": [], "summary": {"covered_lines": 0, "num_statements": 16, "percent_covered": 0.0, "percent_covered_display": "0", "missing_lines": 16, "excluded_lines": 0, "percent_statements_covered": 0.0, "percent_statements_covered_display": "0"}, "missing_lines": [807, 808, 810, 811, 812, 816, 817, 818, 819, 828, 829, 830, 831, 832, 837, 838], "excluded_lines": [], "start_line": 795}, "get_issue_linked_mrs": {"executed_lines": [], "summary": {"covered_lines": 0, "num_statements": 8, "percent_covered": 0.0, "percent_covered_display": "0", "missing_lines": 8, "excluded_lines": 0, "percent_statements_covered": 0.0, "percent_statements_covered_display": "0"}, "missing_lines": [843, 844, 845, 850, 851, 852, 853, 854], "excluded_lines": [], "start_line": 841}, "search_issues": {"executed_lines": [], "summary": {"covered_lines": 0, "num_statements": 14, "percent_covered": 0.0, "percent_covered_display": "0", "missing_lines": 14, "excluded_lines": 0, "percent_statements_covered": 0.0, "percent_statements_covered_display": "0"}, "missing_lines": [867, 868, 869, 874, 875, 876, 877, 878, 883, 884, 885, 886, 887, 888], "excluded_lines": [], "start_line": 857}, "get_milestones": {"executed_lines": [], "summary": {"covered_lines": 0, "num_statements": 9, "percent_covered": 0.0, "percent_covered_display": "0", "missing_lines": 9, "excluded_lines": 0, "percent_statements_covered": 0.0, "percent_statements_covered_display": "0"}, "missing_lines": [897, 898, 899, 904, 905, 906, 907, 908, 909], "excluded_lines": [], "start_line": 891}, "cleanup_duplicate_project_labels": {"executed_lines": [], "summary": {"covered_lines": 0, "num_statements": 40, "percent_covered": 0.0, "percent_covered_display": "0", "missing_lines": 40, "excluded_lines": 0, "percent_statements_covered": 0.0, "percent_statements_covered_display": "0"}, "missing_lines": [922, 923, 924, 925, 927, 928, 930, 931, 933, 935, 936, 937, 942, 943, 944, 945, 946, 948, 949, 953, 954, 959, 960, 961, 962, 963, 966, 967, 968, 969, 970, 971, 972, 976, 977, 978, 979, 980, 981, 983], "excluded_lines": [], "start_line": 915}, "ensure_labels": {"executed_lines": [997, 998, 999, 1000, 1004, 1030, 1032, 1033, 1034, 1035, 1038, 1039, 1040, 1041, 1042, 1044, 1045, 1047, 1048, 1049, 1050], "summary": {"covered_lines": 21, "num_statements": 45, "percent_covered": 46.666666666666664, "percent_covered_display": "47", "missing_lines": 24, "excluded_lines": 0, "percent_statements_covered": 46.666666666666664, "percent_statements_covered_display": "47"}, "missing_lines": [1005, 1006, 1007, 1008, 1009, 1010, 1011, 1012, 1013, 1014, 1015, 1016, 1017, 1018, 1019, 1020, 1022, 1023, 1024, 1025, 1031, 1036, 1037, 1043], "excluded_lines": [], "start_line": 986}, "trigger_pipeline": {"executed_lines": [], "summary": {"covered_lines": 0, "num_statements": 7, "percent_covered": 0.0, "percent_covered_display": "0", "missing_lines": 7, "excluded_lines": 0, "percent_statements_covered": 0.0, "percent_statements_covered_display": "0"}, "missing_lines": [1068, 1069, 1070, 1073, 1074, 1079, 1080], "excluded_lines": [], "start_line": 1053}, "list_pipelines": {"executed_lines": [], "summary": {"covered_lines": 0, "num_statements": 7, "percent_covered": 0.0, "percent_covered_display": "0", "missing_lines": 7, "excluded_lines": 0, "percent_statements_covered": 0.0, "percent_statements_covered_display": "0"}, "missing_lines": [1089, 1090, 1091, 1092, 1093, 1098, 1099], "excluded_lines": [], "start_line": 1083}, "": {"executed_lines": [1, 2, 3, 4, 5, 6, 8, 10, 15, 16, 19, 36, 37, 56, 57, 58, 59, 60, 63, 76, 82, 91, 97, 104, 114, 116, 122, 192, 205, 236, 256, 283, 327, 328, 331, 390, 429, 436, 455, 482, 488, 526, 551, 554, 573, 585, 607, 645, 717, 753, 795, 841, 857, 891, 912, 915, 986, 1053, 1083], "summary": {"covered_lines": 59, "num_statements": 59, "percent_covered": 100.0, "percent_covered_display": "100", "missing_lines": 0, "excluded_lines": 0, "percent_statements_covered": 100.0, "percent_statements_covered_display": "100"}, "missing_lines": [], "excluded_lines": [], "start_line": 1}}, "classes": {"": {"executed_lines": [1, 2, 3, 4, 5, 6, 8, 10, 15, 16, 19, 22, 23, 24, 25, 33, 36, 37, 44, 45, 49, 51, 56, 57, 58, 59, 60, 63, 76, 82, 91, 92, 93, 94, 97, 98, 99, 100, 104, 109, 111, 114, 116, 122, 192, 205, 211, 212, 213, 214, 215, 236, 256, 283, 327, 328, 331, 390, 408, 409, 410, 411, 412, 420, 422, 423, 424, 426, 429, 436, 455, 468, 469, 471, 482, 488, 526, 551, 554, 573, 575, 576, 577, 578, 579, 581, 582, 585, 607, 609, 610, 611, 613, 615, 616, 623, 624, 625, 628, 642, 645, 717, 723, 724, 726, 727, 728, 735, 736, 738, 750, 753, 795, 841, 857, 891, 912, 915, 986, 997, 998, 999, 1000, 1004, 1030, 1032, 1033, 1034, 1035, 1038, 1039, 1040, 1041, 1042, 1044, 1045, 1047, 1048, 1049, 1050, 1053, 1083], "summary": {"covered_lines": 142, "num_statements": 558, "percent_covered": 25.448028673835125, "percent_covered_display": "25", "missing_lines": 416, "excluded_lines": 0, "percent_statements_covered": 25.448028673835125, "percent_statements_covered_display": "25"}, "missing_lines": [66, 67, 68, 69, 70, 78, 79, 84, 85, 86, 87, 88, 101, 110, 118, 119, 128, 129, 131, 132, 135, 136, 137, 138, 139, 140, 141, 142, 143, 145, 146, 147, 149, 150, 152, 153, 154, 156, 157, 158, 159, 164, 165, 166, 167, 168, 169, 170, 172, 173, 174, 175, 176, 179, 180, 181, 182, 183, 184, 185, 186, 188, 189, 194, 195, 196, 201, 202, 227, 228, 229, 230, 231, 232, 233, 238, 239, 240, 241, 242, 247, 248, 249, 250, 251, 252, 253, 261, 262, 263, 264, 265, 266, 267, 268, 269, 270, 271, 272, 273, 274, 275, 276, 277, 278, 279, 280, 298, 299, 305, 306, 307, 308, 309, 310, 311, 312, 313, 314, 319, 320, 321, 322, 323, 324, 349, 350, 351, 352, 353, 354, 355, 356, 357, 358, 359, 360, 361, 362, 363, 364, 365, 366, 367, 368, 369, 370, 371, 373, 374, 375, 376, 377, 378, 379, 380, 381, 382, 383, 384, 385, 386, 387, 421, 425, 430, 431, 432, 433, 437, 438, 439, 440, 441, 446, 447, 448, 449, 450, 451, 452, 470, 472, 473, 478, 479, 483, 484, 485, 499, 500, 501, 502, 503, 504, 505, 506, 507, 508, 509, 510, 512, 513, 515, 516, 517, 522, 523, 537, 538, 539, 544, 545, 547, 548, 580, 587, 588, 589, 590, 591, 592, 603, 604, 617, 618, 620, 621, 629, 630, 631, 632, 633, 634, 636, 637, 639, 640, 647, 648, 650, 651, 653, 654, 656, 657, 659, 660, 661, 663, 664, 667, 683, 684, 685, 686, 699, 700, 701, 713, 733, 734, 739, 740, 741, 746, 747, 748, 749, 764, 765, 766, 767, 768, 770, 772, 773, 774, 775, 776, 777, 778, 780, 781, 782, 783, 784, 785, 786, 791, 792, 807, 808, 810, 811, 812, 816, 817, 818, 819, 828, 829, 830, 831, 832, 837, 838, 843, 844, 845, 850, 851, 852, 853, 854, 867, 868, 869, 874, 875, 876, 877, 878, 883, 884, 885, 886, 887, 888, 897, 898, 899, 904, 905, 906, 907, 908, 909, 922, 923, 924, 925, 927, 928, 930, 931, 933, 935, 936, 937, 942, 943, 944, 945, 946, 948, 949, 953, 954, 959, 960, 961, 962, 963, 966, 967, 968, 969, 970, 971, 972, 976, 977, 978, 979, 980, 981, 983, 1005, 1006, 1007, 1008, 1009, 1010, 1011, 1012, 1013, 1014, 1015, 1016, 1017, 1018, 1019, 1020, 1022, 1023, 1024, 1025, 1031, 1036, 1037, 1043, 1068, 1069, 1070, 1073, 1074, 1079, 1080, 1089, 1090, 1091, 1092, 1093, 1098, 1099], "excluded_lines": [], "start_line": 1}}}, "app/main.py": {"executed_lines": [1, 2, 3, 4, 5, 6, 7, 9, 10, 12, 13, 14, 15, 16, 17, 18, 19, 20, 21, 22, 23, 24, 25, 26, 27, 28, 29, 30, 31, 32, 34, 38, 40, 41, 42, 43, 46, 47, 50, 52, 53, 54, 57, 80, 87, 101, 103, 104, 105, 106, 108, 109, 111, 112, 114, 115, 116, 117, 119, 120, 123, 124, 125, 131, 132, 133, 134, 135, 139, 140, 143, 160, 230, 244, 245, 318, 319, 322, 333, 336, 337, 340, 341, 344, 345, 346, 347, 349, 350, 351, 352, 356, 376, 378, 382, 383, 384, 387, 389, 390, 391, 394, 396, 397, 398, 399, 407, 408, 409, 412, 420, 423, 424, 425, 429, 430, 431, 434, 435, 441, 442, 443, 457, 458, 460, 465, 466, 470, 471, 472, 494, 495, 496, 497, 500, 504, 505, 506, 507, 508, 509, 511, 514, 515, 529, 530, 532, 533, 534, 535, 536, 537, 540, 541, 544, 545, 546, 547, 548, 554, 557, 558, 559, 560, 561, 562, 565, 566, 567, 568, 569, 570, 571, 575, 582, 584, 587, 588, 589, 590, 593, 594, 595, 596, 597, 598, 599, 600, 601, 602, 603, 604, 605, 606, 607, 608, 609, 610, 611, 612, 613, 614, 617, 619, 622, 623, 624, 625, 630, 631, 632, 633, 638, 639, 640, 641, 642, 645, 646, 647, 648, 654, 655, 656, 657, 659, 666, 667, 668, 670, 671, 672, 673, 678, 679, 680, 681, 682, 685, 686, 691, 692, 698, 699, 701, 702, 703, 706, 712, 713, 714, 716, 717, 718, 719, 720, 721, 722, 725, 726, 727, 728, 729], "summary": {"covered_lines": 263, "num_statements": 478, "percent_covered": 55.02092050209205, "percent_covered_display": "55", "missing_lines": 215, "excluded_lines": 0, "percent_statements_covered": 55.02092050209205, "percent_statements_covered_display": "55"}, "missing_lines": [62, 63, 64, 65, 66, 67, 68, 69, 70, 71, 72, 73, 74, 75, 76, 77, 82, 83, 84, 90, 92, 93, 94, 95, 96, 97, 98, 107, 118, 127, 128, 136, 137, 138, 149, 150, 151, 152, 153, 154, 155, 156, 157, 167, 168, 170, 171, 173, 174, 177, 178, 179, 180, 181, 182, 183, 186, 187, 188, 189, 190, 191, 194, 196, 197, 198, 199, 200, 203, 204, 206, 207, 208, 210, 212, 213, 214, 215, 216, 217, 218, 219, 220, 221, 222, 223, 224, 225, 227, 232, 233, 234, 235, 236, 237, 238, 239, 240, 241, 247, 250, 251, 252, 258, 259, 266, 267, 268, 269, 271, 272, 273, 275, 276, 277, 278, 279, 282, 283, 284, 287, 288, 289, 292, 293, 294, 297, 298, 299, 300, 301, 303, 305, 306, 307, 308, 309, 310, 311, 312, 313, 314, 315, 353, 354, 400, 401, 402, 403, 404, 405, 406, 421, 426, 427, 428, 444, 445, 446, 447, 448, 449, 451, 452, 453, 454, 455, 461, 462, 463, 473, 474, 475, 476, 478, 479, 480, 481, 482, 483, 484, 485, 486, 487, 488, 490, 491, 492, 501, 518, 519, 520, 521, 526, 626, 627, 634, 635, 649, 650, 651, 658, 660, 661, 662, 677, 687, 688, 689, 723, 724, 730, 731, 732, 733], "excluded_lines": [], "functions": {"_get_snapshot_check_lock": {"executed_lines": [52, 53, 54], "summary": {"covered_lines": 3, "num_statements": 3, "percent_covered": 100.0, "percent_covered_display": "100", "missing_lines": 0, "excluded_lines": 0, "percent_statements_covered": 100.0, "percent_statements_covered_display": "100"}, "missing_lines": [], "excluded_lines": [], "start_line": 50}, "_sla_checker_loop": {"executed_lines": [], "summary": {"covered_lines": 0, "num_statements": 16, "percent_covered": 0.0, "percent_covered_display": "0", "missing_lines": 16, "excluded_lines": 0, "percent_statements_covered": 0.0, "percent_statements_covered_display": "0"}, "missing_lines": [62, 63, 64, 65, 66, 67, 68, 69, 70, 71, 72, 73, 74, 75, 76, 77], "excluded_lines": [], "start_line": 57}, "_seconds_until_midnight": {"executed_lines": [], "summary": {"covered_lines": 0, "num_statements": 3, "percent_covered": 0.0, "percent_covered_display": "0", "missing_lines": 3, "excluded_lines": 0, "percent_statements_covered": 0.0, "percent_statements_covered_display": "0"}, "missing_lines": [82, 83, 84], "excluded_lines": [], "start_line": 80}, "_snapshot_scheduler_loop": {"executed_lines": [], "summary": {"covered_lines": 0, "num_statements": 8, "percent_covered": 0.0, "percent_covered_display": "0", "missing_lines": 8, "excluded_lines": 0, "percent_statements_covered": 0.0, "percent_statements_covered_display": "0"}, "missing_lines": [90, 92, 93, 94, 95, 96, 97, 98], "excluded_lines": [], "start_line": 87}, "_run_daily_snapshots": {"executed_lines": [103, 104, 105, 106, 108, 109, 111, 112, 114, 123, 124, 125, 131, 132, 133, 134, 135, 139, 140], "summary": {"covered_lines": 19, "num_statements": 25, "percent_covered": 76.0, "percent_covered_display": "76", "missing_lines": 6, "excluded_lines": 0, "percent_statements_covered": 76.0, "percent_statements_covered_display": "76"}, "missing_lines": [107, 127, 128, 136, 137, 138], "excluded_lines": [], "start_line": 101}, "_run_daily_snapshots._snap": {"executed_lines": [115, 116, 117, 119, 120], "summary": {"covered_lines": 5, "num_statements": 6, "percent_covered": 83.33333333333333, "percent_covered_display": "83", "missing_lines": 1, "excluded_lines": 0, "percent_statements_covered": 83.33333333333333, "percent_statements_covered_display": "83"}, "missing_lines": [118], "excluded_lines": [], "start_line": 114}, "_user_sync_loop": {"executed_lines": [], "summary": {"covered_lines": 0, "num_statements": 9, "percent_covered": 0.0, "percent_covered_display": "0", "missing_lines": 9, "excluded_lines": 0, "percent_statements_covered": 0.0, "percent_statements_covered_display": "0"}, "missing_lines": [149, 150, 151, 152, 153, 154, 155, 156, 157], "excluded_lines": [], "start_line": 143}, "_run_user_sync": {"executed_lines": [], "summary": {"covered_lines": 0, "num_statements": 46, "percent_covered": 0.0, "percent_covered_display": "0", "missing_lines": 46, "excluded_lines": 0, "percent_statements_covered": 0.0, "percent_statements_covered_display": "0"}, "missing_lines": [167, 168, 170, 171, 173, 174, 177, 178, 179, 180, 181, 182, 183, 186, 187, 188, 189, 190, 191, 194, 196, 197, 198, 199, 200, 203, 204, 206, 207, 208, 210, 212, 213, 214, 215, 216, 217, 218, 219, 220, 221, 222, 223, 224, 225, 227], "excluded_lines": [], "start_line": 160}, "_email_ingest_loop": {"executed_lines": [], "summary": {"covered_lines": 0, "num_statements": 10, "percent_covered": 0.0, "percent_covered_display": "0", "missing_lines": 10, "excluded_lines": 0, "percent_statements_covered": 0.0, "percent_statements_covered_display": "0"}, "missing_lines": [232, 233, 234, 235, 236, 237, 238, 239, 240, 241], "excluded_lines": [], "start_line": 230}, "lifespan": {"executed_lines": [], "summary": {"covered_lines": 0, "num_statements": 44, "percent_covered": 0.0, "percent_covered_display": "0", "missing_lines": 44, "excluded_lines": 0, "percent_statements_covered": 0.0, "percent_statements_covered_display": "0"}, "missing_lines": [247, 250, 251, 252, 258, 259, 266, 267, 268, 269, 271, 272, 273, 275, 276, 277, 278, 279, 282, 283, 284, 287, 288, 289, 292, 293, 294, 297, 298, 299, 300, 301, 303, 305, 306, 307, 308, 309, 310, 311, 312, 313, 314, 315], "excluded_lines": [], "start_line": 245}, "_is_production": {"executed_lines": [319], "summary": {"covered_lines": 1, "num_statements": 1, "percent_covered": 100.0, "percent_covered_display": "100", "missing_lines": 0, "excluded_lines": 0, "percent_statements_covered": 100.0, "percent_statements_covered_display": "100"}, "missing_lines": [], "excluded_lines": [], "start_line": 318}, "_get_ip_cache_lock": {"executed_lines": [389, 390, 391], "summary": {"covered_lines": 3, "num_statements": 3, "percent_covered": 100.0, "percent_covered_display": "100", "missing_lines": 0, "excluded_lines": 0, "percent_statements_covered": 100.0, "percent_statements_covered_display": "100"}, "missing_lines": [], "excluded_lines": [], "start_line": 387}, "_reload_ip_cache": {"executed_lines": [396, 397, 398, 399, 407, 408, 409], "summary": {"covered_lines": 7, "num_statements": 14, "percent_covered": 50.0, "percent_covered_display": "50", "missing_lines": 7, "excluded_lines": 0, "percent_statements_covered": 50.0, "percent_statements_covered_display": "50"}, "missing_lines": [400, 401, 402, 403, 404, 405, 406], "excluded_lines": [], "start_line": 394}, "_is_local_ip": {"executed_lines": [420, 423, 424, 425, 429, 430, 431], "summary": {"covered_lines": 7, "num_statements": 11, "percent_covered": 63.63636363636363, "percent_covered_display": "64", "missing_lines": 4, "excluded_lines": 0, "percent_statements_covered": 63.63636363636363, "percent_statements_covered_display": "64"}, "missing_lines": [421, 426, 427, 428], "excluded_lines": [], "start_line": 412}, "ip_allowlist_middleware": {"executed_lines": [441, 442, 443, 457, 458, 460, 465, 466, 470, 471, 472, 494, 495, 496, 497, 500, 504, 505, 506, 507, 508, 509, 511, 514, 515], "summary": {"covered_lines": 25, "num_statements": 63, "percent_covered": 39.682539682539684, "percent_covered_display": "40", "missing_lines": 38, "excluded_lines": 0, "percent_statements_covered": 39.682539682539684, "percent_statements_covered_display": "40"}, "missing_lines": [444, 445, 446, 447, 448, 449, 451, 452, 453, 454, 455, 461, 462, 463, 473, 474, 475, 476, 478, 479, 480, 481, 482, 483, 484, 485, 486, 487, 488, 490, 491, 492, 501, 518, 519, 520, 521, 526], "excluded_lines": [], "start_line": 435}, "security_headers_middleware": {"executed_lines": [532, 533, 534, 535, 536, 537], "summary": {"covered_lines": 6, "num_statements": 6, "percent_covered": 100.0, "percent_covered_display": "100", "missing_lines": 0, "excluded_lines": 0, "percent_statements_covered": 100.0, "percent_statements_covered_display": "100"}, "missing_lines": [], "excluded_lines": [], "start_line": 530}, "ensure_daily_snapshot_on_access": {"executed_lines": [544, 545, 546, 547, 548, 554], "summary": {"covered_lines": 6, "num_statements": 6, "percent_covered": 100.0, "percent_covered_display": "100", "missing_lines": 0, "excluded_lines": 0, "percent_statements_covered": 100.0, "percent_statements_covered_display": "100"}, "missing_lines": [], "excluded_lines": [], "start_line": 541}, "add_request_id": {"executed_lines": [559, 560, 561, 562], "summary": {"covered_lines": 4, "num_statements": 4, "percent_covered": 100.0, "percent_covered_display": "100", "missing_lines": 0, "excluded_lines": 0, "percent_statements_covered": 100.0, "percent_statements_covered_display": "100"}, "missing_lines": [], "excluded_lines": [], "start_line": 558}, "log_requests": {"executed_lines": [567, 568, 569, 570, 571, 575], "summary": {"covered_lines": 6, "num_statements": 6, "percent_covered": 100.0, "percent_covered_display": "100", "missing_lines": 0, "excluded_lines": 0, "percent_statements_covered": 100.0, "percent_statements_covered_display": "100"}, "missing_lines": [], "excluded_lines": [], "start_line": 566}, "health": {"executed_lines": [640, 641, 642, 645, 646, 647, 648, 654, 655, 656, 657, 659, 666, 667, 668, 670, 671, 672, 673, 678, 679, 680, 681, 682, 685, 686, 691, 692], "summary": {"covered_lines": 28, "num_statements": 39, "percent_covered": 71.7948717948718, "percent_covered_display": "72", "missing_lines": 11, "excluded_lines": 0, "percent_statements_covered": 71.7948717948718, "percent_statements_covered_display": "72"}, "missing_lines": [649, 650, 651, 658, 660, 661, 662, 677, 687, 688, 689], "excluded_lines": [], "start_line": 639}, "_check_label_drift": {"executed_lines": [712, 713, 714, 716, 717, 718, 719, 720, 721, 722, 725, 726, 727, 728, 729], "summary": {"covered_lines": 15, "num_statements": 21, "percent_covered": 71.42857142857143, "percent_covered_display": "71", "missing_lines": 6, "excluded_lines": 0, "percent_statements_covered": 71.42857142857143, "percent_statements_covered_display": "71"}, "missing_lines": [723, 724, 730, 731, 732, 733], "excluded_lines": [], "start_line": 706}, "": {"executed_lines": [1, 2, 3, 4, 5, 6, 7, 9, 10, 12, 13, 14, 15, 16, 17, 18, 19, 20, 21, 22, 23, 24, 25, 26, 27, 28, 29, 30, 31, 32, 34, 38, 40, 41, 42, 43, 46, 47, 50, 57, 80, 87, 101, 143, 160, 230, 244, 245, 318, 322, 333, 336, 337, 340, 341, 344, 345, 346, 347, 349, 350, 351, 352, 356, 376, 378, 382, 383, 384, 387, 394, 412, 434, 435, 529, 530, 540, 541, 557, 558, 565, 566, 582, 584, 587, 588, 589, 590, 593, 594, 595, 596, 597, 598, 599, 600, 601, 602, 603, 604, 605, 606, 607, 608, 609, 610, 611, 612, 613, 614, 617, 619, 622, 623, 624, 625, 630, 631, 632, 633, 638, 639, 698, 699, 701, 702, 703, 706], "summary": {"covered_lines": 128, "num_statements": 134, "percent_covered": 95.5223880597015, "percent_covered_display": "96", "missing_lines": 6, "excluded_lines": 0, "percent_statements_covered": 95.5223880597015, "percent_statements_covered_display": "96"}, "missing_lines": [353, 354, 626, 627, 634, 635], "excluded_lines": [], "start_line": 1}}, "classes": {"": {"executed_lines": [1, 2, 3, 4, 5, 6, 7, 9, 10, 12, 13, 14, 15, 16, 17, 18, 19, 20, 21, 22, 23, 24, 25, 26, 27, 28, 29, 30, 31, 32, 34, 38, 40, 41, 42, 43, 46, 47, 50, 52, 53, 54, 57, 80, 87, 101, 103, 104, 105, 106, 108, 109, 111, 112, 114, 115, 116, 117, 119, 120, 123, 124, 125, 131, 132, 133, 134, 135, 139, 140, 143, 160, 230, 244, 245, 318, 319, 322, 333, 336, 337, 340, 341, 344, 345, 346, 347, 349, 350, 351, 352, 356, 376, 378, 382, 383, 384, 387, 389, 390, 391, 394, 396, 397, 398, 399, 407, 408, 409, 412, 420, 423, 424, 425, 429, 430, 431, 434, 435, 441, 442, 443, 457, 458, 460, 465, 466, 470, 471, 472, 494, 495, 496, 497, 500, 504, 505, 506, 507, 508, 509, 511, 514, 515, 529, 530, 532, 533, 534, 535, 536, 537, 540, 541, 544, 545, 546, 547, 548, 554, 557, 558, 559, 560, 561, 562, 565, 566, 567, 568, 569, 570, 571, 575, 582, 584, 587, 588, 589, 590, 593, 594, 595, 596, 597, 598, 599, 600, 601, 602, 603, 604, 605, 606, 607, 608, 609, 610, 611, 612, 613, 614, 617, 619, 622, 623, 624, 625, 630, 631, 632, 633, 638, 639, 640, 641, 642, 645, 646, 647, 648, 654, 655, 656, 657, 659, 666, 667, 668, 670, 671, 672, 673, 678, 679, 680, 681, 682, 685, 686, 691, 692, 698, 699, 701, 702, 703, 706, 712, 713, 714, 716, 717, 718, 719, 720, 721, 722, 725, 726, 727, 728, 729], "summary": {"covered_lines": 263, "num_statements": 478, "percent_covered": 55.02092050209205, "percent_covered_display": "55", "missing_lines": 215, "excluded_lines": 0, "percent_statements_covered": 55.02092050209205, "percent_statements_covered_display": "55"}, "missing_lines": [62, 63, 64, 65, 66, 67, 68, 69, 70, 71, 72, 73, 74, 75, 76, 77, 82, 83, 84, 90, 92, 93, 94, 95, 96, 97, 98, 107, 118, 127, 128, 136, 137, 138, 149, 150, 151, 152, 153, 154, 155, 156, 157, 167, 168, 170, 171, 173, 174, 177, 178, 179, 180, 181, 182, 183, 186, 187, 188, 189, 190, 191, 194, 196, 197, 198, 199, 200, 203, 204, 206, 207, 208, 210, 212, 213, 214, 215, 216, 217, 218, 219, 220, 221, 222, 223, 224, 225, 227, 232, 233, 234, 235, 236, 237, 238, 239, 240, 241, 247, 250, 251, 252, 258, 259, 266, 267, 268, 269, 271, 272, 273, 275, 276, 277, 278, 279, 282, 283, 284, 287, 288, 289, 292, 293, 294, 297, 298, 299, 300, 301, 303, 305, 306, 307, 308, 309, 310, 311, 312, 313, 314, 315, 353, 354, 400, 401, 402, 403, 404, 405, 406, 421, 426, 427, 428, 444, 445, 446, 447, 448, 449, 451, 452, 453, 454, 455, 461, 462, 463, 473, 474, 475, 476, 478, 479, 480, 481, 482, 483, 484, 485, 486, 487, 488, 490, 491, 492, 501, 518, 519, 520, 521, 526, 626, 627, 634, 635, 649, 650, 651, 658, 660, 661, 662, 677, 687, 688, 689, 723, 724, 730, 731, 732, 733], "excluded_lines": [], "start_line": 1}}}, "app/models.py": {"executed_lines": [1, 2, 3, 4, 7, 8, 10, 11, 12, 13, 14, 15, 16, 17, 18, 20, 25, 26, 28, 29, 30, 31, 32, 33, 34, 35, 36, 37, 40, 41, 43, 44, 45, 46, 47, 48, 49, 50, 51, 52, 53, 54, 56, 63, 64, 66, 67, 68, 69, 70, 71, 72, 73, 74, 75, 76, 77, 78, 79, 81, 87, 88, 90, 91, 92, 93, 94, 95, 96, 97, 98, 99, 100, 101, 104, 105, 107, 108, 109, 110, 111, 112, 113, 114, 115, 117, 122, 123, 125, 126, 127, 128, 129, 130, 131, 132, 133, 134, 135, 138, 139, 141, 142, 143, 144, 145, 146, 147, 149, 154, 155, 157, 158, 159, 160, 161, 162, 163, 164, 165, 166, 168, 173, 174, 176, 177, 178, 179, 180, 181, 182, 185, 186, 188, 189, 190, 191, 192, 193, 194, 196, 201, 202, 204, 205, 206, 207, 208, 209, 210, 211, 213, 218, 219, 221, 222, 223, 224, 225, 226, 227, 228, 229, 230, 231, 233, 238, 240, 242, 243, 244, 245, 246, 247, 250, 252, 254, 255, 256, 257, 258, 260, 265, 267, 269, 270, 271, 272, 273, 274, 275, 278, 280, 282, 283, 284, 285, 286, 287, 290, 292, 294, 295, 296, 297, 298, 299, 300, 302, 308, 310, 312, 313, 314, 315, 316, 317, 318, 321, 323, 325, 326, 327, 328, 329, 330, 331, 332, 333, 334, 335, 336, 339, 341, 343, 344, 345, 346, 347, 349, 354, 356, 358, 359, 360, 361, 362, 363, 366, 368, 370, 371, 372, 373, 374, 375, 376, 377, 378, 381, 383, 385, 386, 387, 388, 389, 390, 391, 392, 393, 394, 397, 399, 401, 402, 403, 404, 405, 406, 407, 408, 409, 410, 413, 415, 417, 418, 419, 420, 421, 422, 423, 424, 425, 426, 427, 430, 432, 433, 434, 436, 437, 440, 442, 443, 444, 445, 446, 447, 448, 449, 450, 453, 455, 457, 458, 459, 460, 463, 465, 467, 468, 469, 470, 471, 474, 476, 478, 479, 480, 481, 484, 486, 488, 489, 492, 494, 496, 497, 498, 499, 500, 501, 504, 506, 508, 509, 510, 511, 512, 513, 514, 515, 516, 517, 518, 521, 523, 525, 526, 527, 528, 529, 530, 531, 533, 538, 539, 541, 542, 543, 545, 547, 549, 550, 551, 552, 553, 554, 556, 561, 562, 564, 565, 566, 567, 568, 569, 570, 571, 572, 573, 574, 575, 577, 583, 584, 586, 587, 588, 590, 591, 592, 593, 594, 596, 601, 602, 604, 605, 606, 607, 608, 610, 611, 612, 613, 614, 615, 617, 622, 624, 626, 627, 628, 629, 630, 631, 632, 633, 634, 636, 641, 642, 644, 645, 647, 648, 650], "summary": {"covered_lines": 439, "num_statements": 439, "percent_covered": 100.0, "percent_covered_display": "100", "missing_lines": 0, "excluded_lines": 0, "percent_statements_covered": 100.0, "percent_statements_covered_display": "100"}, "missing_lines": [], "excluded_lines": [], "functions": {"": {"executed_lines": [1, 2, 3, 4, 7, 8, 10, 11, 12, 13, 14, 15, 16, 17, 18, 20, 25, 26, 28, 29, 30, 31, 32, 33, 34, 35, 36, 37, 40, 41, 43, 44, 45, 46, 47, 48, 49, 50, 51, 52, 53, 54, 56, 63, 64, 66, 67, 68, 69, 70, 71, 72, 73, 74, 75, 76, 77, 78, 79, 81, 87, 88, 90, 91, 92, 93, 94, 95, 96, 97, 98, 99, 100, 101, 104, 105, 107, 108, 109, 110, 111, 112, 113, 114, 115, 117, 122, 123, 125, 126, 127, 128, 129, 130, 131, 132, 133, 134, 135, 138, 139, 141, 142, 143, 144, 145, 146, 147, 149, 154, 155, 157, 158, 159, 160, 161, 162, 163, 164, 165, 166, 168, 173, 174, 176, 177, 178, 179, 180, 181, 182, 185, 186, 188, 189, 190, 191, 192, 193, 194, 196, 201, 202, 204, 205, 206, 207, 208, 209, 210, 211, 213, 218, 219, 221, 222, 223, 224, 225, 226, 227, 228, 229, 230, 231, 233, 238, 240, 242, 243, 244, 245, 246, 247, 250, 2
[...]
nt_statements_covered_display": "30"}, "missing_lines": [96, 97, 98, 99, 100, 101, 103], "excluded_lines": [], "start_line": 87}, "": {"executed_lines": [7, 8, 9, 11, 14, 29, 32, 33, 34, 35, 36, 37, 38, 41, 66, 87], "summary": {"covered_lines": 16, "num_statements": 16, "percent_covered": 100.0, "percent_covered_display": "100", "missing_lines": 0, "excluded_lines": 0, "percent_statements_covered": 100.0, "percent_statements_covered_display": "100"}, "missing_lines": [], "excluded_lines": [], "start_line": 1}}, "classes": {"SecretMatch": {"executed_lines": [], "summary": {"covered_lines": 0, "num_statements": 0, "percent_covered": 100.0, "percent_covered_display": "100", "missing_lines": 0, "excluded_lines": 0, "percent_statements_covered": 100.0, "percent_statements_covered_display": "100"}, "missing_lines": [], "excluded_lines": [], "start_line": 33}, "": {"executed_lines": [7, 8, 9, 11, 14, 29, 32, 33, 34, 35, 36, 37, 38, 41, 43, 45, 46, 47, 56, 57, 58, 59, 63, 66, 87, 94, 95, 104], "summary": {"covered_lines": 28, "num_statements": 53, "percent_covered": 52.83018867924528, "percent_covered_display": "53", "missing_lines": 25, "excluded_lines": 0, "percent_statements_covered": 52.83018867924528, "percent_statements_covered_display": "53"}, "missing_lines": [44, 48, 60, 61, 62, 71, 72, 73, 74, 75, 76, 77, 78, 79, 81, 82, 83, 84, 96, 97, 98, 99, 100, 101, 103], "excluded_lines": [], "start_line": 1}}}, "app/security.py": {"executed_lines": [5, 6, 7, 8, 9, 11, 14, 20, 23, 34, 35, 37, 38, 43, 44, 46, 47, 48, 51, 52, 53, 54, 56, 57, 60, 61, 65, 66, 68, 69, 70, 75, 78, 83, 84, 85, 86, 87, 88, 89, 90, 91, 92, 93, 94, 97], "summary": {"covered_lines": 46, "num_statements": 61, "percent_covered": 75.40983606557377, "percent_covered_display": "75", "missing_lines": 15, "excluded_lines": 0, "percent_statements_covered": 75.40983606557377, "percent_statements_covered_display": "75"}, "missing_lines": [39, 40, 55, 62, 63, 71, 72, 73, 102, 103, 105, 106, 107, 108, 109], "excluded_lines": [], "functions": {"is_safe_external_url": {"executed_lines": [34, 35, 37, 38, 43, 44, 46, 47, 48, 51, 52, 53, 54, 56, 57, 60, 61, 65, 66, 68, 69, 70, 75], "summary": {"covered_lines": 23, "num_statements": 31, "percent_covered": 74.19354838709677, "percent_covered_display": "74", "missing_lines": 8, "excluded_lines": 0, "percent_statements_covered": 74.19354838709677, "percent_statements_covered_display": "74"}, "missing_lines": [39, 40, 55, 62, 63, 71, 72, 73], "excluded_lines": [], "start_line": 23}, "check_ip_whitelist": {"executed_lines": [83, 84, 85, 86, 87, 88, 89, 90, 91, 92, 93, 94], "summary": {"covered_lines": 12, "num_statements": 12, "percent_covered": 100.0, "percent_covered_display": "100", "missing_lines": 0, "excluded_lines": 0, "percent_statements_covered": 100.0, "percent_statements_covered_display": "100"}, "missing_lines": [], "excluded_lines": [], "start_line": 78}, "validate_external_url": {"executed_lines": [], "summary": {"covered_lines": 0, "num_statements": 7, "percent_covered": 0.0, "percent_covered_display": "0", "missing_lines": 7, "excluded_lines": 0, "percent_statements_covered": 0.0, "percent_statements_covered_display": "0"}, "missing_lines": [102, 103, 105, 106, 107, 108, 109], "excluded_lines": [], "start_line": 97}, "": {"executed_lines": [5, 6, 7, 8, 9, 11, 14, 20, 23, 78, 97], "summary": {"covered_lines": 11, "num_statements": 11, "percent_covered": 100.0, "percent_covered_display": "100", "missing_lines": 0, "excluded_lines": 0, "percent_statements_covered": 100.0, "percent_statements_covered_display": "100"}, "missing_lines": [], "excluded_lines": [], "start_line": 1}}, "classes": {"": {"executed_lines": [5, 6, 7, 8, 9, 11, 14, 20, 23, 34, 35, 37, 38, 43, 44, 46, 47, 48, 51, 52, 53, 54, 56, 57, 60, 61, 65, 66, 68, 69, 70, 75, 78, 83, 84, 85, 86, 87, 88, 89, 90, 91, 92, 93, 94, 97], "summary": {"covered_lines": 46, "num_statements": 61, "percent_covered": 75.40983606557377, "percent_covered_display": "75", "missing_lines": 15, "excluded_lines": 0, "percent_statements_covered": 75.40983606557377, "percent_statements_covered_display": "75"}, "missing_lines": [39, 40, 55, 62, 63, 71, 72, 73, 102, 103, 105, 106, 107, 108, 109], "excluded_lines": [], "start_line": 1}}}, "app/sla.py": {"executed_lines": [2, 3, 4, 6, 8, 10, 13, 21, 26, 27, 28, 29, 30, 31, 32, 33, 37, 40, 42, 43, 44, 45, 46, 51, 72, 81, 82, 84, 85, 86, 87, 132, 139, 149, 150, 151, 152, 156, 158, 162, 165, 171, 172, 173, 174, 177, 178, 182, 183, 184, 187, 188, 192, 193, 194, 197, 199, 203, 204, 205, 206, 209, 211, 220, 221, 222, 223, 224, 225, 226, 227, 228, 234, 264, 330, 331, 337, 455], "summary": {"covered_lines": 78, "num_statements": 267, "percent_covered": 29.213483146067414, "percent_covered_display": "29", "missing_lines": 189, "excluded_lines": 0, "percent_statements_covered": 29.213483146067414, "percent_statements_covered_display": "29"}, "missing_lines": [57, 58, 59, 60, 61, 62, 63, 64, 65, 66, 68, 69, 90, 91, 92, 93, 94, 95, 96, 97, 98, 100, 101, 103, 104, 105, 106, 107, 108, 109, 110, 112, 113, 114, 115, 116, 117, 118, 120, 121, 123, 124, 125, 127, 140, 141, 142, 144, 153, 154, 155, 163, 240, 241, 253, 254, 255, 259, 260, 261, 270, 271, 273, 274, 276, 290, 291, 292, 293, 294, 297, 298, 300, 301, 302, 303, 306, 307, 308, 309, 310, 311, 318, 319, 320, 322, 327, 343, 344, 346, 347, 349, 354, 355, 358, 359, 361, 367, 368, 369, 372, 373, 374, 375, 382, 390, 391, 392, 393, 396, 398, 399, 400, 401, 402, 403, 405, 406, 407, 408, 410, 411, 412, 413, 414, 415, 417, 418, 419, 424, 425, 426, 427, 428, 432, 433, 434, 439, 440, 445, 446, 447, 448, 450, 451, 452, 457, 458, 459, 461, 462, 463, 465, 467, 468, 476, 477, 478, 479, 480, 485, 486, 487, 489, 491, 492, 493, 494, 495, 500, 507, 508, 510, 512, 513, 514, 515, 516, 517, 518, 519, 520, 521, 522, 528, 533, 534, 535, 537], "excluded_lines": [], "functions": {"get_sla_resolve_hours": {"executed_lines": [26, 27, 28, 29, 30, 31, 32, 33], "summary": {"covered_lines": 8, "num_statements": 8, "percent_covered": 100.0, "percent_covered_display": "100", "missing_lines": 0, "excluded_lines": 0, "percent_statements_covered": 100.0, "percent_statements_covered_display": "100"}, "missing_lines": [], "excluded_lines": [], "start_line": 21}, "_ensure_utc": {"executed_lines": [42, 43, 44, 45, 46], "summary": {"covered_lines": 5, "num_statements": 5, "percent_covered": 100.0, "percent_covered_display": "100", "missing_lines": 0, "excluded_lines": 0, "percent_statements_covered": 100.0, "percent_statements_covered_display": "100"}, "missing_lines": [], "excluded_lines": [], "start_line": 40}, "_next_business_start": {"executed_lines": [], "summary": {"covered_lines": 0, "num_statements": 12, "percent_covered": 0.0, "percent_covered_display": "0", "missing_lines": 12, "excluded_lines": 0, "percent_statements_covered": 0.0, "percent_statements_covered_display": "0"}, "missing_lines": [57, 58, 59, 60, 61, 62, 63, 64, 65, 66, 68, 69], "excluded_lines": [], "start_line": 51}, "calculate_business_deadline": {"executed_lines": [81, 82, 84, 85, 86, 87], "summary": {"covered_lines": 6, "num_statements": 38, "percent_covered": 15.789473684210526, "percent_covered_display": "16", "missing_lines": 32, "excluded_lines": 0, "percent_statements_covered": 15.789473684210526, "percent_statements_covered_display": "16"}, "missing_lines": [90, 91, 92, 93, 94, 95, 96, 97, 98, 100, 101, 103, 104, 105, 106, 107, 108, 109, 110, 112, 113, 114, 115, 116, 117, 118, 120, 121, 123, 124, 125, 127], "excluded_lines": [], "start_line": 72}, "create_sla_record": {"executed_lines": [139, 149, 150, 151, 152, 156, 158, 162, 165, 171, 172, 173, 174], "summary": {"covered_lines": 13, "num_statements": 21, "percent_covered": 61.904761904761905, "percent_covered_display": "62", "missing_lines": 8, "excluded_lines": 0, "percent_statements_covered": 61.904761904761905, "percent_statements_covered_display": "62"}, "missing_lines": [140, 141, 142, 144, 153, 154, 155, 163], "excluded_lines": [], "start_line": 132}, "mark_first_response": {"executed_lines": [178, 182, 183, 184], "summary": {"covered_lines": 4, "num_statements": 4, "percent_covered": 100.0, "percent_covered_display": "100", "missing_lines": 0, "excluded_lines": 0, "percent_statements_covered": 100.0, "percent_statements_covered_display": "100"}, "missing_lines": [], "excluded_lines": [], "start_line": 177}, "mark_resolved": {"executed_lines": [188, 192, 193, 194], "summary": {"covered_lines": 4, "num_statements": 4, "percent_covered": 100.0, "percent_covered_display": "100", "missing_lines": 0, "excluded_lines": 0, "percent_statements_covered": 100.0, "percent_statements_covered_display": "100"}, "missing_lines": [], "excluded_lines": [], "start_line": 187}, "pause_sla": {"executed_lines": [199, 203, 204, 205, 206], "summary": {"covered_lines": 5, "num_statements": 5, "percent_covered": 100.0, "percent_covered_display": "100", "missing_lines": 0, "excluded_lines": 0, "percent_statements_covered": 100.0, "percent_statements_covered_display": "100"}, "missing_lines": [], "excluded_lines": [], "start_line": 197}, "resume_sla": {"executed_lines": [211, 220, 221, 222, 223, 224, 225, 226, 227, 228], "summary": {"covered_lines": 10, "num_statements": 10, "percent_covered": 100.0, "percent_covered_display": "100", "missing_lines": 0, "excluded_lines": 0, "percent_statements_covered": 100.0, "percent_statements_covered_display": "100"}, "missing_lines": [], "excluded_lines": [], "start_line": 209}, "check_and_flag_breaches": {"executed_lines": [], "summary": {"covered_lines": 0, "num_statements": 8, "percent_covered": 0.0, "percent_covered_display": "0", "missing_lines": 8, "excluded_lines": 0, "percent_statements_covered": 0.0, "percent_statements_covered_display": "0"}, "missing_lines": [240, 241, 253, 254, 255, 259, 260, 261], "excluded_lines": [], "start_line": 234}, "check_and_send_warnings": {"executed_lines": [], "summary": {"covered_lines": 0, "num_statements": 27, "percent_covered": 0.0, "percent_covered_display": "0", "missing_lines": 27, "excluded_lines": 0, "percent_statements_covered": 0.0, "percent_statements_covered_display": "0"}, "missing_lines": [270, 271, 273, 274, 276, 290, 291, 292, 293, 294, 297, 298, 300, 301, 302, 303, 306, 307, 308, 309, 310, 311, 318, 319, 320, 322, 327], "excluded_lines": [], "start_line": 264}, "get_sla_record": {"executed_lines": [331], "summary": {"covered_lines": 1, "num_statements": 1, "percent_covered": 100.0, "percent_covered_display": "100", "missing_lines": 0, "excluded_lines": 0, "percent_statements_covered": 100.0, "percent_statements_covered_display": "100"}, "missing_lines": [], "excluded_lines": [], "start_line": 330}, "check_and_escalate": {"executed_lines": [], "summary": {"covered_lines": 0, "num_statements": 31, "percent_covered": 0.0, "percent_covered_display": "0", "missing_lines": 31, "excluded_lines": 0, "percent_statements_covered": 0.0, "percent_statements_covered_display": "0"}, "missing_lines": [343, 344, 346, 347, 349, 354, 355, 358, 359, 361, 367, 368, 369, 372, 373, 374, 375, 382, 390, 391, 392, 393, 396, 398, 445, 446, 447, 448, 450, 451, 452], "excluded_lines": [], "start_line": 337}, "check_and_escalate._process": {"executed_lines": [], "summary": {"covered_lines": 0, "num_statements": 28, "percent_covered": 0.0, "percent_covered_display": "0", "missing_lines": 28, "excluded_lines": 0, "percent_statements_covered": 0.0, "percent_statements_covered_display": "0"}, "missing_lines": [399, 400, 401, 402, 403, 405, 406, 407, 408, 410, 411, 412, 413, 414, 415, 417, 418, 419, 424, 425, 426, 427, 428, 432, 433, 434, 439, 440], "excluded_lines": [], "start_line": 398}, "_execute_escalation": {"executed_lines": [], "summary": {"covered_lines": 0, "num_statements": 43, "percent_covered": 0.0, "percent_covered_display": "0", "missing_lines": 43, "excluded_lines": 0, "percent_statements_covered": 0.0, "percent_statements_covered_display": "0"}, "missing_lines": [457, 458, 459, 461, 462, 463, 465, 467, 468, 476, 477, 478, 479, 480, 485, 486, 487, 489, 491, 492, 493, 494, 495, 500, 507, 508, 510, 512, 513, 514, 515, 516, 517, 518, 519, 520, 521, 522, 528, 533, 534, 535, 537], "excluded_lines": [], "start_line": 455}, "": {"executed_lines": [2, 3, 4, 6, 8, 10, 13, 21, 37, 40, 51, 72, 132, 177, 187, 197, 209, 234, 264, 330, 337, 455], "summary": {"covered_lines": 22, "num_statements": 22, "percent_covered": 100.0, "percent_covered_display": "100", "missing_lines": 0, "excluded_lines": 0, "percent_statements_covered": 100.0, "percent_statements_covered_display": "100"}, "missing_lines": [], "excluded_lines": [], "start_line": 1}}, "classes": {"": {"executed_lines": [2, 3, 4, 6, 8, 10, 13, 21, 26, 27, 28, 29, 30, 31, 32, 33, 37, 40, 42, 43, 44, 45, 46, 51, 72, 81, 82, 84, 85, 86, 87, 132, 139, 149, 150, 151, 152, 156, 158, 162, 165, 171, 172, 173, 174, 177, 178, 182, 183, 184, 187, 188, 192, 193, 194, 197, 199, 203, 204, 205, 206, 209, 211, 220, 221, 222, 223, 224, 225, 226, 227, 228, 234, 264, 330, 331, 337, 455], "summary": {"covered_lines": 78, "num_statements": 267, "percent_covered": 29.213483146067414, "percent_covered_display": "29", "missing_lines": 189, "excluded_lines": 0, "percent_statements_covered": 29.213483146067414, "percent_statements_covered_display": "29"}, "missing_lines": [57, 58, 59, 60, 61, 62, 63, 64, 65, 66, 68, 69, 90, 91, 92, 93, 94, 95, 96, 97, 98, 100, 101, 103, 104, 105, 106, 107, 108, 109, 110, 112, 113, 114, 115, 116, 117, 118, 120, 121, 123, 124, 125, 127, 140, 141, 142, 144, 153, 154, 155, 163, 240, 241, 253, 254, 255, 259, 260, 261, 270, 271, 273, 274, 276, 290, 291, 292, 293, 294, 297, 298, 300, 301, 302, 303, 306, 307, 308, 309, 310, 311, 318, 319, 320, 322, 327, 343, 344, 346, 347, 349, 354, 355, 358, 359, 361, 367, 368, 369, 372, 373, 374, 375, 382, 390, 391, 392, 393, 396, 398, 399, 400, 401, 402, 403, 405, 406, 407, 408, 410, 411, 412, 413, 414, 415, 417, 418, 419, 424, 425, 426, 427, 428, 432, 433, 434, 439, 440, 445, 446, 447, 448, 450, 451, 452, 457, 458, 459, 461, 462, 463, 465, 467, 468, 476, 477, 478, 479, 480, 485, 486, 487, 489, 491, 492, 493, 494, 495, 500, 507, 508, 510, 512, 513, 514, 515, 516, 517, 518, 519, 520, 521, 522, 528, 533, 534, 535, 537], "excluded_lines": [], "start_line": 1}}}, "app/tasks.py": {"executed_lines": [6, 8, 10, 17, 25, 35, 43, 53, 61, 71, 79, 93, 101, 111, 119], "summary": {"covered_lines": 15, "num_statements": 51, "percent_covered": 29.41176470588235, "percent_covered_display": "29", "missing_lines": 36, "excluded_lines": 0, "percent_statements_covered": 29.41176470588235, "percent_statements_covered_display": "29"}, "missing_lines": [27, 28, 29, 30, 31, 32, 45, 46, 47, 48, 49, 50, 63, 64, 65, 66, 67, 68, 81, 82, 83, 84, 85, 86, 103, 104, 105, 106, 107, 108, 121, 122, 123, 124, 125, 126], "excluded_lines": [], "functions": {"send_ticket_notification": {"executed_lines": [], "summary": {"covered_lines": 0, "num_statements": 6, "percent_covered": 0.0, "percent_covered_display": "0", "missing_lines": 6, "excluded_lines": 0, "percent_statements_covered": 0.0, "percent_statements_covered_display": "0"}, "missing_lines": [27, 28, 29, 30, 31, 32], "excluded_lines": [], "start_line": 25}, "send_status_notification": {"executed_lines": [], "summary": {"covered_lines": 0, "num_statements": 6, "percent_covered": 0.0, "percent_covered_display": "0", "missing_lines": 6, "excluded_lines": 0, "percent_statements_covered": 0.0, "percent_statements_covered_display": "0"}, "missing_lines": [45, 46, 47, 48, 49, 50], "excluded_lines": [], "start_line": 43}, "send_comment_notification": {"executed_lines": [], "summary": {"covered_lines": 0, "num_statements": 6, "percent_covered": 0.0, "percent_covered_display": "0", "missing_lines": 6, "excluded_lines": 0, "percent_statements_covered": 0.0, "percent_statements_covered_display": "0"}, "missing_lines": [63, 64, 65, 66, 67, 68], "excluded_lines": [], "start_line": 61}, "send_assigned_notification": {"executed_lines": [], "summary": {"covered_lines": 0, "num_statements": 6, "percent_covered": 0.0, "percent_covered_display": "0", "missing_lines": 6, "excluded_lines": 0, "percent_statements_covered": 0.0, "percent_statements_covered_display": "0"}, "missing_lines": [81, 82, 83, 84, 85, 86], "excluded_lines": [], "start_line": 79}, "send_sla_warning": {"executed_lines": [], "summary": {"covered_lines": 0, "num_statements": 6, "percent_covered": 0.0, "percent_covered_display": "0", "missing_lines": 6, "excluded_lines": 0, "percent_statements_covered": 0.0, "percent_statements_covered_display": "0"}, "missing_lines": [103, 104, 105, 106, 107, 108], "excluded_lines": [], "start_line": 101}, "send_sla_breach": {"executed_lines": [], "summary": {"covered_lines": 0, "num_statements": 6, "percent_covered": 0.0, "percent_covered_display": "0", "missing_lines": 6, "excluded_lines": 0, "percent_statements_covered": 0.0, "percent_statements_covered_display": "0"}, "missing_lines": [121, 122, 123, 124, 125, 126], "excluded_lines": [], "start_line": 119}, "": {"executed_lines": [6, 8, 10, 17, 25, 35, 43, 53, 61, 71, 79, 93, 101, 111, 119], "summary": {"covered_lines": 15, "num_statements": 15, "percent_covered": 100.0, "percent_covered_display": "100", "missing_lines": 0, "excluded_lines": 0, "percent_statements_covered": 100.0, "percent_statements_covered_display": "100"}, "missing_lines": [], "excluded_lines": [], "start_line": 1}}, "classes": {"": {"executed_lines": [6, 8, 10, 17, 25, 35, 43, 53, 61, 71, 79, 93, 101, 111, 119], "summary": {"covered_lines": 15, "num_statements": 51, "percent_covered": 29.41176470588235, "percent_covered_display": "29", "missing_lines": 36, "excluded_lines": 0, "percent_statements_covered": 29.41176470588235, "percent_statements_covered_display": "29"}, "missing_lines": [27, 28, 29, 30, 31, 32, 45, 46, 47, 48, 49, 50, 63, 64, 65, 66, 67, 68, 81, 82, 83, 84, 85, 86, 103, 104, 105, 106, 107, 108, 121, 122, 123, 124, 125, 126], "excluded_lines": [], "start_line": 1}}}, "app/telemetry.py": {"executed_lines": [5, 7, 10, 18, 19, 21, 22], "summary": {"covered_lines": 7, "num_statements": 27, "percent_covered": 25.925925925925927, "percent_covered_display": "26", "missing_lines": 20, "excluded_lines": 0, "percent_statements_covered": 25.925925925925927, "percent_statements_covered_display": "26"}, "missing_lines": [24, 25, 26, 27, 28, 29, 30, 31, 32, 33, 34, 36, 37, 39, 40, 42, 44, 47, 48, 50], "excluded_lines": [], "functions": {"setup_telemetry": {"executed_lines": [18, 19, 21, 22], "summary": {"covered_lines": 4, "num_statements": 24, "percent_covered": 16.666666666666668, "percent_covered_display": "17", "missing_lines": 20, "excluded_lines": 0, "percent_statements_covered": 16.666666666666668, "percent_statements_covered_display": "17"}, "missing_lines": [24, 25, 26, 27, 28, 29, 30, 31, 32, 33, 34, 36, 37, 39, 40, 42, 44, 47, 48, 50], "excluded_lines": [], "start_line": 10}, "": {"executed_lines": [5, 7, 10], "summary": {"covered_lines": 3, "num_statements": 3, "percent_covered": 100.0, "percent_covered_display": "100", "missing_lines": 0, "excluded_lines": 0, "percent_statements_covered": 100.0, "percent_statements_covered_display": "100"}, "missing_lines": [], "excluded_lines": [], "start_line": 1}}, "classes": {"": {"executed_lines": [5, 7, 10, 18, 19, 21, 22], "summary": {"covered_lines": 7, "num_statements": 27, "percent_covered": 25.925925925925927, "percent_covered_display": "26", "missing_lines": 20, "excluded_lines": 0, "percent_statements_covered": 25.925925925925927, "percent_statements_covered_display": "26"}, "missing_lines": [24, 25, 26, 27, 28, 29, 30, 31, 32, 33, 34, 36, 37, 39, 40, 42, 44, 47, 48, 50], "excluded_lines": [], "start_line": 1}}}}, "totals": {"covered_lines": 3842, "num_statements": 8623, "percent_covered": 44.55525919053694, "percent_covered_display": "45", "missing_lines": 4781, "excluded_lines": 3, "percent_statements_covered": 44.55525919053694, "percent_statements_covered_display": "45"}}